[  2%] Built target MrsLibDynamicPublisher
[  5%] Built target repredictor_example
[  7%] Built target service_client_handler_example
[  8%] Built target MrsLibOdomLKF
[ 11%] Built target lkf_example
[ 14%] Built target vector_converter_example
[ 17%] Built target ukf_example
[ 20%] Built target nckf_tests
[ 26%] Built target MrsLibSafetyZone
[ 29%] Built target MrsLibProfiler
[ 32%] Built target MrsLibScopeTimer
[ 35%] Built target MrsLibMedianFilter
[ 36%] Built target MrsLibIirFilter
[ 38%] Built target mutex_tests
[ 45%] Built target MrsLibGeometry
[ 47%] Built target MrsLibUtils
[ 50%] Built target MrsLibParamLoader
[ 52%] Built target MrsLibTransformBroadcaster
[ 55%] Built target param_loader_example
[ 58%] Built target MrsLibTimer
[ 61%] Built target rheiv_example
[ 64%] Built target MrsLibBatchVisualizer
[ 67%] Built target MrsLibImagePublisher
[ 70%] Built target batch_visualizer_demo
[ 73%] Built target MrsLibMath
[ 76%] Built target geometry_tests
[ 79%] Built target cyclic_example
[ 82%] Built target dynamic_publisher_example
[ 85%] Built target MrsLibNotchFilter
[ 88%] Built target MrsLibAttitudeConverter
[ 91%] Built target MrsLibTransformer
[ 94%] Built target subscribe_handler_example
[ 97%] Built target subscribe_handler_simple_example
[100%] Built target transformer_example
