[  2%] Built target MrsLibDynamicPublisher
[  4%] Built target MrsLibOdomLKF
[ 10%] Built target MrsLibSafetyZone
[ 13%] Built target repredictor_example
[ 16%] Built target MrsLibMedianFilter
[ 19%] Built target lkf_example
[ 22%] Built target vector_converter_example
[ 23%] Built target mutex_tests
[ 26%] Built target ukf_example
[ 27%] Built target MrsLibUtils
[ 35%] Built target MrsLibGeometry
[ 38%] Built target MrsLibIirFilter
[ 39%] Built target MrsLibScopeTimer
[ 41%] Built target service_client_handler_example
[ 44%] Built target MrsLibProfiler
[ 47%] Built target MrsLibParamLoader
[ 50%] Built target MrsLibTimer
[ 52%] Built target MrsLibTransformBroadcaster
[ 55%] Built target rheiv_example
[ 58%] Built target MrsLibBatchVisualizer
[ 61%] Built target MrsLibMath
[ 64%] Built target cyclic_example
[ 67%] Built target geometry_tests
[ 70%] Built target MrsLibImagePublisher
[ 73%] Built target subscribe_handler_example
[ 76%] Built target MrsLibAttitudeConverter
[ 79%] Built target MrsLibNotchFilter
[ 82%] Built target MrsLibTransformer
[ 85%] Built target subscribe_handler_simple_example
[ 88%] Built target param_loader_example
[ 91%] Built target dynamic_publisher_example
[ 94%] Built target nckf_tests
[ 97%] Built target transformer_example
[100%] Built target batch_visualizer_demo
