[  0%] Built target geometry_msgs_generate_messages_py
[  0%] Built target geometry_msgs_generate_messages_eus
[  0%] Built target geometry_msgs_generate_messages_cpp
[  0%] Built target geometry_msgs_generate_messages_lisp
[  0%] Built target geometry_msgs_generate_messages_nodejs
[  0%] Built target costmap_2d_generate_messages_cpp
[  0%] Built target costmap_2d_generate_messages_eus
[  0%] Built target costmap_2d_generate_messages_py
[  0%] Built target costmap_2d_generate_messages_lisp
[  0%] Built target costmap_2d_generate_messages_nodejs
[  0%] Built target dynamic_reconfigure_generate_messages_cpp
[  0%] Built target costmap_2d_gencfg
[  0%] Built target dynamic_reconfigure_generate_messages_eus
[  0%] Built target dynamic_reconfigure_generate_messages_lisp
[  0%] Built target dynamic_reconfigure_gencfg
[  0%] Built target dynamic_reconfigure_generate_messages_nodejs
[  0%] Built target std_msgs_generate_messages_cpp
[  0%] Built target dynamic_reconfigure_generate_messages_py
[  0%] Built target std_msgs_generate_messages_eus
[  0%] Built target std_msgs_generate_messages_lisp
[  0%] Built target std_msgs_generate_messages_nodejs
[  0%] Built target std_msgs_generate_messages_py
[  0%] Built target tf_generate_messages_cpp
[  0%] Built target tf_generate_messages_lisp
[  0%] Built target tf_generate_messages_nodejs
[  0%] Built target tf_generate_messages_eus
[  0%] Built target tf_generate_messages_py
[  0%] Built target roscpp_generate_messages_cpp
[  0%] Built target roscpp_generate_messages_eus
[  0%] Built target roscpp_generate_messages_nodejs
[  0%] Built target roscpp_generate_messages_lisp
[  0%] Built target _navfn_generate_messages_check_deps_MakeNavPlan
[  0%] Built target _navfn_generate_messages_check_deps_SetCostmap
[  0%] Built target rosgraph_msgs_generate_messages_cpp
[  0%] Built target roscpp_generate_messages_py
[  0%] Built target rosgraph_msgs_generate_messages_lisp
[  0%] Built target rosgraph_msgs_generate_messages_eus
[  0%] Built target rosgraph_msgs_generate_messages_nodejs
[  0%] Built target rosgraph_msgs_generate_messages_py
[  0%] Built target sensor_msgs_generate_messages_eus
[  0%] Built target sensor_msgs_generate_messages_nodejs
[  0%] Built target sensor_msgs_generate_messages_lisp
[  0%] Built target sensor_msgs_generate_messages_cpp
[  0%] Built target actionlib_generate_messages_eus
[  0%] Built target actionlib_generate_messages_cpp
[  0%] Built target sensor_msgs_generate_messages_py
[  0%] Built target actionlib_generate_messages_lisp
[  0%] Built target actionlib_generate_messages_nodejs
[  0%] Built target actionlib_msgs_generate_messages_cpp
[  0%] Built target actionlib_generate_messages_py
[  0%] Built target actionlib_msgs_generate_messages_eus
[  0%] Built target actionlib_msgs_generate_messages_lisp
[  0%] Built target actionlib_msgs_generate_messages_nodejs
[  0%] Built target actionlib_msgs_generate_messages_py
[  0%] Built target _catkin_empty_exported_target
[  0%] Built target tf2_msgs_generate_messages_cpp
[  0%] Built target tf2_msgs_generate_messages_nodejs
[  0%] Built target tf2_msgs_generate_messages_eus
[  0%] Built target tf2_msgs_generate_messages_lisp
[  0%] Built target tf2_msgs_generate_messages_py
[  0%] Built target map_msgs_generate_messages_cpp
[  0%] Built target map_msgs_generate_messages_eus
[  0%] Built target map_msgs_generate_messages_nodejs
[  0%] Built target map_msgs_generate_messages_lisp
[  0%] Built target map_msgs_generate_messages_py
[  0%] Built target nav_msgs_generate_messages_eus
[  0%] Built target nav_msgs_generate_messages_cpp
[  0%] Built target nav_msgs_generate_messages_nodejs
[  0%] Built target nav_msgs_generate_messages_lisp
[  0%] Built target visualization_msgs_generate_messages_cpp
[  0%] Built target nav_msgs_generate_messages_py
[  0%] Built target visualization_msgs_generate_messages_eus
[  0%] Built target visualization_msgs_generate_messages_nodejs
[  5%] [34m[1mGenerating C++ code from navfn/MakeNavPlan.srv[0m
[ 11%] [34m[1mGenerating Python code from SRV navfn/MakeNavPlan[0m
[ 17%] [34m[1mGenerating C++ code from navfn/SetCostmap.srv[0m
[ 17%] Built target visualization_msgs_generate_messages_lisp
[ 23%] [34m[1mGenerating EusLisp code from navfn/MakeNavPlan.srv[0m
[ 29%] [34m[1mGenerating Javascript code from navfn/MakeNavPlan.srv[0m
[ 35%] [34m[1mGenerating Javascript code from navfn/SetCostmap.srv[0m
[ 35%] Built target visualization_msgs_generate_messages_py
[ 41%] [34m[1mGenerating EusLisp code from navfn/SetCostmap.srv[0m
[ 47%] [34m[1mGenerating Lisp code from navfn/MakeNavPlan.srv[0m
[ 52%] [34m[1mGenerating EusLisp manifest code for navfn[0m
[ 58%] [34m[1mGenerating Lisp code from navfn/SetCostmap.srv[0m
[ 64%] [34m[1mGenerating Python code from SRV navfn/SetCostmap[0m
[ 64%] Built target navfn_generate_messages_nodejs
[ 64%] Built target navfn_generate_messages_lisp
[ 70%] [34m[1mGenerating Python srv __init__.py for navfn[0m
[ 70%] Built target navfn_generate_messages_cpp
[ 76%] [32mBuilding CXX object CMakeFiles/navfn.dir/src/navfn_ros.cpp.o[0m
[ 82%] [32mBuilding CXX object CMakeFiles/navfn.dir/src/navfn.cpp.o[0m
[ 82%] Built target navfn_generate_messages_py
[ 82%] Built target navfn_generate_messages_eus
[ 82%] Built target navfn_generate_messages
[ 88%] [32m[1mLinking CXX shared library /home/akash/catkin_ws/devel/.private/navfn/lib/libnavfn.so[0m
[ 88%] Built target navfn
[ 94%] [32mBuilding CXX object CMakeFiles/navfn_node.dir/src/navfn_node.cpp.o[0m
[100%] [32m[1mLinking CXX executable /home/akash/catkin_ws/devel/.private/navfn/lib/navfn/navfn_node[0m
[100%] Built target navfn_node
