Performing C SOURCE FILE Test CMAKE_HAVE_LIBC_PTHREAD failed with the following output:
Change Dir: /home/akash/catkin_ws/build/nav_core/CMakeFiles/CMakeScratch/TryCompile-Tsw1ht

Run Build Command(s):/usr/bin/make -f Makefile cmTC_03042/fast && /usr/bin/make  -f CMakeFiles/cmTC_03042.dir/build.make CMakeFiles/cmTC_03042.dir/build
make[1]: Entering directory '/home/akash/catkin_ws/build/nav_core/CMakeFiles/CMakeScratch/TryCompile-Tsw1ht'
Building C object CMakeFiles/cmTC_03042.dir/src.c.o
/usr/bin/cc -DCMAKE_HAVE_LIBC_PTHREAD   -o CMakeFiles/cmTC_03042.dir/src.c.o -c /home/akash/catkin_ws/build/nav_core/CMakeFiles/CMakeScratch/TryCompile-Tsw1ht/src.c
Linking C executable cmTC_03042
/usr/bin/cmake -E cmake_link_script CMakeFiles/cmTC_03042.dir/link.txt --verbose=1
/usr/bin/cc -rdynamic CMakeFiles/cmTC_03042.dir/src.c.o -o cmTC_03042 
/usr/bin/ld: CMakeFiles/cmTC_03042.dir/src.c.o: in function `main':
src.c:(.text+0x46): undefined reference to `pthread_create'
/usr/bin/ld: src.c:(.text+0x52): undefined reference to `pthread_detach'
/usr/bin/ld: src.c:(.text+0x5e): undefined reference to `pthread_cancel'
/usr/bin/ld: src.c:(.text+0x6f): undefined reference to `pthread_join'
collect2: error: ld returned 1 exit status
make[1]: *** [CMakeFiles/cmTC_03042.dir/build.make:99: cmTC_03042] Error 1
make[1]: Leaving directory '/home/akash/catkin_ws/build/nav_core/CMakeFiles/CMakeScratch/TryCompile-Tsw1ht'
make: *** [Makefile:127: cmTC_03042/fast] Error 2


Source file was:
#include <pthread.h>

static void* test_func(void* data)
{
  return data;
}

int main(void)
{
  pthread_t thread;
  pthread_create(&thread, NULL, test_func, NULL);
  pthread_detach(thread);
  pthread_cancel(thread);
  pthread_join(thread, NULL);
  pthread_atfork(NULL, NULL, NULL);
  pthread_exit(NULL);

  return 0;
}


Determining if the function pthread_create exists in the pthreads failed with the following output:
Change Dir: /home/akash/catkin_ws/build/nav_core/CMakeFiles/CMakeScratch/TryCompile-YtxC6r

Run Build Command(s):/usr/bin/make -f Makefile cmTC_da98e/fast && /usr/bin/make  -f CMakeFiles/cmTC_da98e.dir/build.make CMakeFiles/cmTC_da98e.dir/build
make[1]: Entering directory '/home/akash/catkin_ws/build/nav_core/CMakeFiles/CMakeScratch/TryCompile-YtxC6r'
Building C object CMakeFiles/cmTC_da98e.dir/CheckFunctionExists.c.o
/usr/bin/cc   -DCHECK_FUNCTION_EXISTS=pthread_create -o CMakeFiles/cmTC_da98e.dir/CheckFunctionExists.c.o -c /home/akash/catkin_ws/build/nav_core/CMakeFiles/CMakeScratch/TryCompile-YtxC6r/CheckFunctionExists.c
Linking C executable cmTC_da98e
/usr/bin/cmake -E cmake_link_script CMakeFiles/cmTC_da98e.dir/link.txt --verbose=1
/usr/bin/cc  -DCHECK_FUNCTION_EXISTS=pthread_create -rdynamic CMakeFiles/cmTC_da98e.dir/CheckFunctionExists.c.o -o cmTC_da98e  -lpthreads 
/usr/bin/ld: cannot find -lpthreads
collect2: error: ld returned 1 exit status
make[1]: *** [CMakeFiles/cmTC_da98e.dir/build.make:99: cmTC_da98e] Error 1
make[1]: Leaving directory '/home/akash/catkin_ws/build/nav_core/CMakeFiles/CMakeScratch/TryCompile-YtxC6r'
make: *** [Makefile:127: cmTC_da98e/fast] Error 2



