Performing C SOURCE FILE Test CMAKE_HAVE_LIBC_PTHREAD failed with the following output:
Change Dir: /home/akash/catkin_ws/build/gazebo_plugins/CMakeFiles/CMakeScratch/TryCompile-xraJug

Run Build Command(s):/usr/bin/make -f Makefile cmTC_cbd17/fast && /usr/bin/make  -f CMakeFiles/cmTC_cbd17.dir/build.make CMakeFiles/cmTC_cbd17.dir/build
make[1]: Entering directory '/home/akash/catkin_ws/build/gazebo_plugins/CMakeFiles/CMakeScratch/TryCompile-xraJug'
Building C object CMakeFiles/cmTC_cbd17.dir/src.c.o
/usr/bin/cc -DCMAKE_HAVE_LIBC_PTHREAD   -o CMakeFiles/cmTC_cbd17.dir/src.c.o -c /home/akash/catkin_ws/build/gazebo_plugins/CMakeFiles/CMakeScratch/TryCompile-xraJug/src.c
Linking C executable cmTC_cbd17
/usr/bin/cmake -E cmake_link_script CMakeFiles/cmTC_cbd17.dir/link.txt --verbose=1
/usr/bin/cc CMakeFiles/cmTC_cbd17.dir/src.c.o -o cmTC_cbd17 
/usr/bin/ld: CMakeFiles/cmTC_cbd17.dir/src.c.o: in function `main':
src.c:(.text+0x46): undefined reference to `pthread_create'
/usr/bin/ld: src.c:(.text+0x52): undefined reference to `pthread_detach'
/usr/bin/ld: src.c:(.text+0x5e): undefined reference to `pthread_cancel'
/usr/bin/ld: src.c:(.text+0x6f): undefined reference to `pthread_join'
collect2: error: ld returned 1 exit status
make[1]: *** [CMakeFiles/cmTC_cbd17.dir/build.make:99: cmTC_cbd17] Error 1
make[1]: Leaving directory '/home/akash/catkin_ws/build/gazebo_plugins/CMakeFiles/CMakeScratch/TryCompile-xraJug'
make: *** [Makefile:127: cmTC_cbd17/fast] Error 2


Source file was:
#include <pthread.h>

static void* test_func(void* data)
{
  return data;
}

int main(void)
{
  pthread_t thread;
  pthread_create(&thread, NULL, test_func, NULL);
  pthread_detach(thread);
  pthread_cancel(thread);
  pthread_join(thread, NULL);
  pthread_atfork(NULL, NULL, NULL);
  pthread_exit(NULL);

  return 0;
}


Determining if the function pthread_create exists in the pthreads failed with the following output:
Change Dir: /home/akash/catkin_ws/build/gazebo_plugins/CMakeFiles/CMakeScratch/TryCompile-eC6j2c

Run Build Command(s):/usr/bin/make -f Makefile cmTC_e6c6b/fast && /usr/bin/make  -f CMakeFiles/cmTC_e6c6b.dir/build.make CMakeFiles/cmTC_e6c6b.dir/build
make[1]: Entering directory '/home/akash/catkin_ws/build/gazebo_plugins/CMakeFiles/CMakeScratch/TryCompile-eC6j2c'
Building C object CMakeFiles/cmTC_e6c6b.dir/CheckFunctionExists.c.o
/usr/bin/cc   -DCHECK_FUNCTION_EXISTS=pthread_create -o CMakeFiles/cmTC_e6c6b.dir/CheckFunctionExists.c.o -c /home/akash/catkin_ws/build/gazebo_plugins/CMakeFiles/CMakeScratch/TryCompile-eC6j2c/CheckFunctionExists.c
Linking C executable cmTC_e6c6b
/usr/bin/cmake -E cmake_link_script CMakeFiles/cmTC_e6c6b.dir/link.txt --verbose=1
/usr/bin/cc  -DCHECK_FUNCTION_EXISTS=pthread_create CMakeFiles/cmTC_e6c6b.dir/CheckFunctionExists.c.o -o cmTC_e6c6b  -lpthreads 
/usr/bin/ld: cannot find -lpthreads
collect2: error: ld returned 1 exit status
make[1]: *** [CMakeFiles/cmTC_e6c6b.dir/build.make:99: cmTC_e6c6b] Error 1
make[1]: Leaving directory '/home/akash/catkin_ws/build/gazebo_plugins/CMakeFiles/CMakeScratch/TryCompile-eC6j2c'
make: *** [Makefile:127: cmTC_e6c6b/fast] Error 2



