Performing C SOURCE FILE Test CMAKE_HAVE_LIBC_PTHREAD failed with the following output:
Change Dir: /home/akash/catkin_ws/build/clear_costmap_recovery/CMakeFiles/CMakeScratch/TryCompile-MKvERz

Run Build Command(s):/usr/bin/make -f Makefile cmTC_d65a0/fast && /usr/bin/make  -f CMakeFiles/cmTC_d65a0.dir/build.make CMakeFiles/cmTC_d65a0.dir/build
make[1]: Entering directory '/home/akash/catkin_ws/build/clear_costmap_recovery/CMakeFiles/CMakeScratch/TryCompile-MKvERz'
Building C object CMakeFiles/cmTC_d65a0.dir/src.c.o
/usr/bin/cc -DCMAKE_HAVE_LIBC_PTHREAD   -o CMakeFiles/cmTC_d65a0.dir/src.c.o -c /home/akash/catkin_ws/build/clear_costmap_recovery/CMakeFiles/CMakeScratch/TryCompile-MKvERz/src.c
Linking C executable cmTC_d65a0
/usr/bin/cmake -E cmake_link_script CMakeFiles/cmTC_d65a0.dir/link.txt --verbose=1
/usr/bin/cc -rdynamic CMakeFiles/cmTC_d65a0.dir/src.c.o -o cmTC_d65a0 
/usr/bin/ld: CMakeFiles/cmTC_d65a0.dir/src.c.o: in function `main':
src.c:(.text+0x46): undefined reference to `pthread_create'
/usr/bin/ld: src.c:(.text+0x52): undefined reference to `pthread_detach'
/usr/bin/ld: src.c:(.text+0x5e): undefined reference to `pthread_cancel'
/usr/bin/ld: src.c:(.text+0x6f): undefined reference to `pthread_join'
collect2: error: ld returned 1 exit status
make[1]: *** [CMakeFiles/cmTC_d65a0.dir/build.make:99: cmTC_d65a0] Error 1
make[1]: Leaving directory '/home/akash/catkin_ws/build/clear_costmap_recovery/CMakeFiles/CMakeScratch/TryCompile-MKvERz'
make: *** [Makefile:127: cmTC_d65a0/fast] Error 2


Source file was:
#include <pthread.h>

static void* test_func(void* data)
{
  return data;
}

int main(void)
{
  pthread_t thread;
  pthread_create(&thread, NULL, test_func, NULL);
  pthread_detach(thread);
  pthread_cancel(thread);
  pthread_join(thread, NULL);
  pthread_atfork(NULL, NULL, NULL);
  pthread_exit(NULL);

  return 0;
}


Determining if the function pthread_create exists in the pthreads failed with the following output:
Change Dir: /home/akash/catkin_ws/build/clear_costmap_recovery/CMakeFiles/CMakeScratch/TryCompile-EmAt0C

Run Build Command(s):/usr/bin/make -f Makefile cmTC_11c14/fast && /usr/bin/make  -f CMakeFiles/cmTC_11c14.dir/build.make CMakeFiles/cmTC_11c14.dir/build
make[1]: Entering directory '/home/akash/catkin_ws/build/clear_costmap_recovery/CMakeFiles/CMakeScratch/TryCompile-EmAt0C'
Building C object CMakeFiles/cmTC_11c14.dir/CheckFunctionExists.c.o
/usr/bin/cc   -DCHECK_FUNCTION_EXISTS=pthread_create -o CMakeFiles/cmTC_11c14.dir/CheckFunctionExists.c.o -c /home/akash/catkin_ws/build/clear_costmap_recovery/CMakeFiles/CMakeScratch/TryCompile-EmAt0C/CheckFunctionExists.c
Linking C executable cmTC_11c14
/usr/bin/cmake -E cmake_link_script CMakeFiles/cmTC_11c14.dir/link.txt --verbose=1
/usr/bin/cc  -DCHECK_FUNCTION_EXISTS=pthread_create -rdynamic CMakeFiles/cmTC_11c14.dir/CheckFunctionExists.c.o -o cmTC_11c14  -lpthreads 
/usr/bin/ld: cannot find -lpthreads
collect2: error: ld returned 1 exit status
make[1]: *** [CMakeFiles/cmTC_11c14.dir/build.make:99: cmTC_11c14] Error 1
make[1]: Leaving directory '/home/akash/catkin_ws/build/clear_costmap_recovery/CMakeFiles/CMakeScratch/TryCompile-EmAt0C'
make: *** [Makefile:127: cmTC_11c14/fast] Error 2



