Performing C SOURCE FILE Test CMAKE_HAVE_LIBC_PTHREAD failed with the following output:
Change Dir: /home/akash/catkin_ws/build/move_base/CMakeFiles/CMakeScratch/TryCompile-4zD5zP

Run Build Command(s):/usr/bin/make -f Makefile cmTC_70bfb/fast && /usr/bin/make  -f CMakeFiles/cmTC_70bfb.dir/build.make CMakeFiles/cmTC_70bfb.dir/build
make[1]: Entering directory '/home/akash/catkin_ws/build/move_base/CMakeFiles/CMakeScratch/TryCompile-4zD5zP'
Building C object CMakeFiles/cmTC_70bfb.dir/src.c.o
/usr/bin/cc -DCMAKE_HAVE_LIBC_PTHREAD   -o CMakeFiles/cmTC_70bfb.dir/src.c.o -c /home/akash/catkin_ws/build/move_base/CMakeFiles/CMakeScratch/TryCompile-4zD5zP/src.c
Linking C executable cmTC_70bfb
/usr/bin/cmake -E cmake_link_script CMakeFiles/cmTC_70bfb.dir/link.txt --verbose=1
/usr/bin/cc -rdynamic CMakeFiles/cmTC_70bfb.dir/src.c.o -o cmTC_70bfb 
/usr/bin/ld: CMakeFiles/cmTC_70bfb.dir/src.c.o: in function `main':
src.c:(.text+0x46): undefined reference to `pthread_create'
/usr/bin/ld: src.c:(.text+0x52): undefined reference to `pthread_detach'
/usr/bin/ld: src.c:(.text+0x5e): undefined reference to `pthread_cancel'
/usr/bin/ld: src.c:(.text+0x6f): undefined reference to `pthread_join'
collect2: error: ld returned 1 exit status
make[1]: *** [CMakeFiles/cmTC_70bfb.dir/build.make:99: cmTC_70bfb] Error 1
make[1]: Leaving directory '/home/akash/catkin_ws/build/move_base/CMakeFiles/CMakeScratch/TryCompile-4zD5zP'
make: *** [Makefile:127: cmTC_70bfb/fast] Error 2


Source file was:
#include <pthread.h>

static void* test_func(void* data)
{
  return data;
}

int main(void)
{
  pthread_t thread;
  pthread_create(&thread, NULL, test_func, NULL);
  pthread_detach(thread);
  pthread_cancel(thread);
  pthread_join(thread, NULL);
  pthread_atfork(NULL, NULL, NULL);
  pthread_exit(NULL);

  return 0;
}


Determining if the function pthread_create exists in the pthreads failed with the following output:
Change Dir: /home/akash/catkin_ws/build/move_base/CMakeFiles/CMakeScratch/TryCompile-ZRWPOP

Run Build Command(s):/usr/bin/make -f Makefile cmTC_afb5d/fast && /usr/bin/make  -f CMakeFiles/cmTC_afb5d.dir/build.make CMakeFiles/cmTC_afb5d.dir/build
make[1]: Entering directory '/home/akash/catkin_ws/build/move_base/CMakeFiles/CMakeScratch/TryCompile-ZRWPOP'
Building C object CMakeFiles/cmTC_afb5d.dir/CheckFunctionExists.c.o
/usr/bin/cc   -DCHECK_FUNCTION_EXISTS=pthread_create -o CMakeFiles/cmTC_afb5d.dir/CheckFunctionExists.c.o -c /home/akash/catkin_ws/build/move_base/CMakeFiles/CMakeScratch/TryCompile-ZRWPOP/CheckFunctionExists.c
Linking C executable cmTC_afb5d
/usr/bin/cmake -E cmake_link_script CMakeFiles/cmTC_afb5d.dir/link.txt --verbose=1
/usr/bin/cc  -DCHECK_FUNCTION_EXISTS=pthread_create -rdynamic CMakeFiles/cmTC_afb5d.dir/CheckFunctionExists.c.o -o cmTC_afb5d  -lpthreads 
/usr/bin/ld: cannot find -lpthreads
collect2: error: ld returned 1 exit status
make[1]: *** [CMakeFiles/cmTC_afb5d.dir/build.make:99: cmTC_afb5d] Error 1
make[1]: Leaving directory '/home/akash/catkin_ws/build/move_base/CMakeFiles/CMakeScratch/TryCompile-ZRWPOP'
make: *** [Makefile:127: cmTC_afb5d/fast] Error 2



