Performing C SOURCE FILE Test CMAKE_HAVE_LIBC_PTHREAD failed with the following output:
Change Dir: /home/akash/catkin_ws/build/navfn/CMakeFiles/CMakeScratch/TryCompile-eNdC6O

Run Build Command(s):/usr/bin/make -f Makefile cmTC_5950d/fast && /usr/bin/make  -f CMakeFiles/cmTC_5950d.dir/build.make CMakeFiles/cmTC_5950d.dir/build
make[1]: Entering directory '/home/akash/catkin_ws/build/navfn/CMakeFiles/CMakeScratch/TryCompile-eNdC6O'
Building C object CMakeFiles/cmTC_5950d.dir/src.c.o
/usr/bin/cc -DCMAKE_HAVE_LIBC_PTHREAD   -o CMakeFiles/cmTC_5950d.dir/src.c.o -c /home/akash/catkin_ws/build/navfn/CMakeFiles/CMakeScratch/TryCompile-eNdC6O/src.c
Linking C executable cmTC_5950d
/usr/bin/cmake -E cmake_link_script CMakeFiles/cmTC_5950d.dir/link.txt --verbose=1
/usr/bin/cc -rdynamic CMakeFiles/cmTC_5950d.dir/src.c.o -o cmTC_5950d 
/usr/bin/ld: CMakeFiles/cmTC_5950d.dir/src.c.o: in function `main':
src.c:(.text+0x46): undefined reference to `pthread_create'
/usr/bin/ld: src.c:(.text+0x52): undefined reference to `pthread_detach'
/usr/bin/ld: src.c:(.text+0x5e): undefined reference to `pthread_cancel'
/usr/bin/ld: src.c:(.text+0x6f): undefined reference to `pthread_join'
collect2: error: ld returned 1 exit status
make[1]: *** [CMakeFiles/cmTC_5950d.dir/build.make:99: cmTC_5950d] Error 1
make[1]: Leaving directory '/home/akash/catkin_ws/build/navfn/CMakeFiles/CMakeScratch/TryCompile-eNdC6O'
make: *** [Makefile:127: cmTC_5950d/fast] Error 2


Source file was:
#include <pthread.h>

static void* test_func(void* data)
{
  return data;
}

int main(void)
{
  pthread_t thread;
  pthread_create(&thread, NULL, test_func, NULL);
  pthread_detach(thread);
  pthread_cancel(thread);
  pthread_join(thread, NULL);
  pthread_atfork(NULL, NULL, NULL);
  pthread_exit(NULL);

  return 0;
}


Determining if the function pthread_create exists in the pthreads failed with the following output:
Change Dir: /home/akash/catkin_ws/build/navfn/CMakeFiles/CMakeScratch/TryCompile-4p4qnS

Run Build Command(s):/usr/bin/make -f Makefile cmTC_b00cb/fast && /usr/bin/make  -f CMakeFiles/cmTC_b00cb.dir/build.make CMakeFiles/cmTC_b00cb.dir/build
make[1]: Entering directory '/home/akash/catkin_ws/build/navfn/CMakeFiles/CMakeScratch/TryCompile-4p4qnS'
Building C object CMakeFiles/cmTC_b00cb.dir/CheckFunctionExists.c.o
/usr/bin/cc   -DCHECK_FUNCTION_EXISTS=pthread_create -o CMakeFiles/cmTC_b00cb.dir/CheckFunctionExists.c.o -c /home/akash/catkin_ws/build/navfn/CMakeFiles/CMakeScratch/TryCompile-4p4qnS/CheckFunctionExists.c
Linking C executable cmTC_b00cb
/usr/bin/cmake -E cmake_link_script CMakeFiles/cmTC_b00cb.dir/link.txt --verbose=1
/usr/bin/cc  -DCHECK_FUNCTION_EXISTS=pthread_create -rdynamic CMakeFiles/cmTC_b00cb.dir/CheckFunctionExists.c.o -o cmTC_b00cb  -lpthreads 
/usr/bin/ld: cannot find -lpthreads
collect2: error: ld returned 1 exit status
make[1]: *** [CMakeFiles/cmTC_b00cb.dir/build.make:99: cmTC_b00cb] Error 1
make[1]: Leaving directory '/home/akash/catkin_ws/build/navfn/CMakeFiles/CMakeScratch/TryCompile-4p4qnS'
make: *** [Makefile:127: cmTC_b00cb/fast] Error 2



Determining if the include file pgm.h exists failed with the following output:
Change Dir: /home/akash/catkin_ws/build/navfn/CMakeFiles/CMakeScratch/TryCompile-AjKQ5P

Run Build Command(s):/usr/bin/make -f Makefile cmTC_1c971/fast && /usr/bin/make  -f CMakeFiles/cmTC_1c971.dir/build.make CMakeFiles/cmTC_1c971.dir/build
make[1]: Entering directory '/home/akash/catkin_ws/build/navfn/CMakeFiles/CMakeScratch/TryCompile-AjKQ5P'
Building CXX object CMakeFiles/cmTC_1c971.dir/CheckIncludeFile.cxx.o
/usr/bin/c++    -o CMakeFiles/cmTC_1c971.dir/CheckIncludeFile.cxx.o -c /home/akash/catkin_ws/build/navfn/CMakeFiles/CMakeScratch/TryCompile-AjKQ5P/CheckIncludeFile.cxx
/home/akash/catkin_ws/build/navfn/CMakeFiles/CMakeScratch/TryCompile-AjKQ5P/CheckIncludeFile.cxx:1:10: fatal error: pgm.h: No such file or directory
    1 | #include <pgm.h>
      |          ^~~~~~~
compilation terminated.
make[1]: *** [CMakeFiles/cmTC_1c971.dir/build.make:78: CMakeFiles/cmTC_1c971.dir/CheckIncludeFile.cxx.o] Error 1
make[1]: Leaving directory '/home/akash/catkin_ws/build/navfn/CMakeFiles/CMakeScratch/TryCompile-AjKQ5P'
make: *** [Makefile:127: cmTC_1c971/fast] Error 2



