[  0%] Built target mavros_msgs_generate_messages_py
[  0%] Built target std_msgs_generate_messages_py
[  0%] Built target mavros_msgs_generate_messages_cpp
[  0%] Built target std_msgs_generate_messages_cpp
[  0%] Built target mavros_msgs_generate_messages_eus
[  0%] Built target std_msgs_generate_messages_eus
[  0%] Built target mavros_msgs_generate_messages_lisp
[  0%] Built target std_msgs_generate_messages_lisp
[  0%] Built target std_msgs_generate_messages_nodejs
[  0%] Built target mavros_msgs_generate_messages_nodejs
[  0%] Built target beginner_tutorials_generate_messages_py
[  0%] Built target beginner_tutorials_generate_messages_cpp
[  7%] Built target beginner_tutorials_generate_messages_eus
[  7%] Built target beginner_tutorials_generate_messages_lisp
[ 23%] Built target offb_node
[ 23%] Built target beginner_tutorials_generate_messages_nodejs
[ 38%] Built target talker
[ 53%] Built target listener
[ 69%] Built target controller
[ 84%] Built target pos_teleop_node
[100%] Built target offb_node_user_input
[100%] Built target beginner_tutorials_generate_messages
