[  0%] Built target mavros_msgs_generate_messages_py
[  0%] Built target std_msgs_generate_messages_py
[  0%] Built target mavros_msgs_generate_messages_cpp
[  0%] Built target std_msgs_generate_messages_cpp
[  0%] Built target mavros_msgs_generate_messages_eus
[  0%] Built target std_msgs_generate_messages_eus
[  0%] Built target mavros_msgs_generate_messages_lisp
[  0%] Built target std_msgs_generate_messages_lisp
[  0%] Built target mavros_msgs_generate_messages_nodejs
[  0%] Built target std_msgs_generate_messages_nodejs
[  0%] Built target beginner_tutorials_generate_messages_py
[  0%] Built target beginner_tutorials_generate_messages_cpp
[  7%] Built target beginner_tutorials_generate_messages_eus
[  7%] Built target beginner_tutorials_generate_messages_lisp
[  7%] Built target beginner_tutorials_generate_messages_nodejs
[ 23%] Built target offb_node
[ 38%] Built target talker
[ 53%] Built target listener
[ 69%] Built target controller
[ 84%] Built target pos_teleop_node
[ 92%] [32mBuilding CXX object CMakeFiles/offb_node_user_input.dir/src/offb_node_user_input.cpp.o[0m
[100%] [32m[1mLinking CXX executable /home/akash/catkin_ws/devel/.private/beginner_tutorials/lib/beginner_tutorials/offb_node_user_input[0m
[100%] Built target offb_node_user_input
[100%] Built target beginner_tutorials_generate_messages
