[01m[K/home/akash/catkin_ws/src/beginner_tutorials/src/offb_node_user_input.cpp:[m[K In function ‘[01m[Kvoid poseCallback(const ConstPtr&)[m[K’:
[01m[K/home/akash/catkin_ws/src/beginner_tutorials/src/offb_node_user_input.cpp:105:5:[m[K [01;31m[Kerror: [m[K‘[01m[Kcurrent_pose[m[K’ was not declared in this scope; did you mean ‘[01m[Kcurrent_state[m[K’?
  105 |     [01;31m[Kcurrent_pose[m[K = *msg;
      |     [01;31m[K^~~~~~~~~~~~[m[K
      |     [32m[Kcurrent_state[m[K
[01m[K/home/akash/catkin_ws/src/beginner_tutorials/src/offb_node_user_input.cpp:[m[K In function ‘[01m[Kdouble get_distance(geometry_msgs::PoseStamped, geometry_msgs::PoseStamped)[m[K’:
[01m[K/home/akash/catkin_ws/src/beginner_tutorials/src/offb_node_user_input.cpp:110:9:[m[K [01;31m[Kerror: [m[K‘[01m[Kglobal[m[K’ was not declared in this scope
  110 |         [01;31m[Kglobal[m[K pose1, pose2, pose3
      |         [01;31m[K^~~~~~[m[K
[01m[K/home/akash/catkin_ws/src/beginner_tutorials/src/offb_node_user_input.cpp:115:21:[m[K [01;31m[Kerror: [m[K‘[01m[Kx_diff[m[K’ was not declared in this scope; did you mean ‘[01m[Kz_diff[m[K’?
  115 |         return sqrt([01;31m[Kx_diff[m[K*x_diff + y_diff*y_diff + z_diff*z_diff);
      |                     [01;31m[K^~~~~~[m[K
      |                     [32m[Kz_diff[m[K
[01m[K/home/akash/catkin_ws/src/beginner_tutorials/src/offb_node_user_input.cpp:[m[K In function ‘[01m[Kint main(int, char**)[m[K’:
[01m[K/home/akash/catkin_ws/src/beginner_tutorials/src/offb_node_user_input.cpp:204:27:[m[K [01;31m[Kerror: [m[K‘[01m[Kcurrent_pose[m[K’ was not declared in this scope; did you mean ‘[01m[Kcurrent_state[m[K’?
  204 |         if (check_reached([01;31m[Kcurrent_pose[m[K, waypoints[waypoint_index], 1.0)) {
      |                           [01;31m[K^~~~~~~~~~~~[m[K
      |                           [32m[Kcurrent_state[m[K
make[2]: *** [CMakeFiles/offb_node_user_input.dir/build.make:76: CMakeFiles/offb_node_user_input.dir/src/offb_node_user_input.cpp.o] Error 1
make[1]: *** [CMakeFiles/Makefile2:1795: CMakeFiles/offb_node_user_input.dir/all] Error 2
make[1]: *** Waiting for unfinished jobs....
make: *** [Makefile:146: all] Error 2
