Performing C SOURCE FILE Test CMAKE_HAVE_LIBC_PTHREAD failed with the following output:
Change Dir: /home/akash/catkin_ws/build/epm/CMakeFiles/CMakeScratch/TryCompile-JhAvwH

Run Build Command(s):/usr/bin/make -f Makefile cmTC_4b592/fast && /usr/bin/make  -f CMakeFiles/cmTC_4b592.dir/build.make CMakeFiles/cmTC_4b592.dir/build
make[1]: Entering directory '/home/akash/catkin_ws/build/epm/CMakeFiles/CMakeScratch/TryCompile-JhAvwH'
Building C object CMakeFiles/cmTC_4b592.dir/src.c.o
/usr/bin/cc -DCMAKE_HAVE_LIBC_PTHREAD   -o CMakeFiles/cmTC_4b592.dir/src.c.o -c /home/akash/catkin_ws/build/epm/CMakeFiles/CMakeScratch/TryCompile-JhAvwH/src.c
Linking C executable cmTC_4b592
/usr/bin/cmake -E cmake_link_script CMakeFiles/cmTC_4b592.dir/link.txt --verbose=1
/usr/bin/cc -rdynamic CMakeFiles/cmTC_4b592.dir/src.c.o -o cmTC_4b592 
/usr/bin/ld: CMakeFiles/cmTC_4b592.dir/src.c.o: in function `main':
src.c:(.text+0x46): undefined reference to `pthread_create'
/usr/bin/ld: src.c:(.text+0x52): undefined reference to `pthread_detach'
/usr/bin/ld: src.c:(.text+0x5e): undefined reference to `pthread_cancel'
/usr/bin/ld: src.c:(.text+0x6f): undefined reference to `pthread_join'
collect2: error: ld returned 1 exit status
make[1]: *** [CMakeFiles/cmTC_4b592.dir/build.make:99: cmTC_4b592] Error 1
make[1]: Leaving directory '/home/akash/catkin_ws/build/epm/CMakeFiles/CMakeScratch/TryCompile-JhAvwH'
make: *** [Makefile:127: cmTC_4b592/fast] Error 2


Source file was:
#include <pthread.h>

static void* test_func(void* data)
{
  return data;
}

int main(void)
{
  pthread_t thread;
  pthread_create(&thread, NULL, test_func, NULL);
  pthread_detach(thread);
  pthread_cancel(thread);
  pthread_join(thread, NULL);
  pthread_atfork(NULL, NULL, NULL);
  pthread_exit(NULL);

  return 0;
}


Determining if the function pthread_create exists in the pthreads failed with the following output:
Change Dir: /home/akash/catkin_ws/build/epm/CMakeFiles/CMakeScratch/TryCompile-JilHMG

Run Build Command(s):/usr/bin/make -f Makefile cmTC_d3203/fast && /usr/bin/make  -f CMakeFiles/cmTC_d3203.dir/build.make CMakeFiles/cmTC_d3203.dir/build
make[1]: Entering directory '/home/akash/catkin_ws/build/epm/CMakeFiles/CMakeScratch/TryCompile-JilHMG'
Building C object CMakeFiles/cmTC_d3203.dir/CheckFunctionExists.c.o
/usr/bin/cc   -DCHECK_FUNCTION_EXISTS=pthread_create -o CMakeFiles/cmTC_d3203.dir/CheckFunctionExists.c.o -c /home/akash/catkin_ws/build/epm/CMakeFiles/CMakeScratch/TryCompile-JilHMG/CheckFunctionExists.c
Linking C executable cmTC_d3203
/usr/bin/cmake -E cmake_link_script CMakeFiles/cmTC_d3203.dir/link.txt --verbose=1
/usr/bin/cc  -DCHECK_FUNCTION_EXISTS=pthread_create -rdynamic CMakeFiles/cmTC_d3203.dir/CheckFunctionExists.c.o -o cmTC_d3203  -lpthreads 
/usr/bin/ld: cannot find -lpthreads
collect2: error: ld returned 1 exit status
make[1]: *** [CMakeFiles/cmTC_d3203.dir/build.make:99: cmTC_d3203] Error 1
make[1]: Leaving directory '/home/akash/catkin_ws/build/epm/CMakeFiles/CMakeScratch/TryCompile-JilHMG'
make: *** [Makefile:127: cmTC_d3203/fast] Error 2



