[  0%] Built target _mrs_msgs_generate_messages_check_deps_GetPathSrv
[  0%] Built target std_msgs_generate_messages_py
[  0%] Built target sensor_msgs_generate_messages_py
[  0%] Built target geometry_msgs_generate_messages_py
[  0%] Built target _mrs_msgs_generate_messages_check_deps_MpcTrackerDiagnostics
[  0%] Built target _mrs_msgs_generate_messages_check_deps_FuturePoint
[  0%] Built target _mrs_msgs_generate_messages_check_deps_FutureTrajectory
[  0%] Built target _mrs_msgs_generate_messages_check_deps_MpcPredictionFullState
[  0%] Built target _mrs_msgs_generate_messages_check_deps_LandoffDiagnostics
[  0%] Built target _mrs_msgs_generate_messages_check_deps_BigDofecStatus
[  0%] Built target _mrs_msgs_generate_messages_check_deps_RtkGps
[  0%] Built target _mrs_msgs_generate_messages_check_deps_GpsData
[  0%] Built target _mrs_msgs_generate_messages_check_deps_RtkFixType
[  0%] Built target _mrs_msgs_generate_messages_check_deps_Float64ArrayStamped
[  0%] Built target _mrs_msgs_generate_messages_check_deps_Float64MultiArrayStamped
[  0%] Built target _mrs_msgs_generate_messages_check_deps_Float64Stamped
[  0%] Built target _mrs_msgs_generate_messages_check_deps_ModelState
[  0%] Built target _mrs_msgs_generate_messages_check_deps_Fusing
[  0%] Built target _mrs_msgs_generate_messages_check_deps_EstimatorType
[  0%] Built target _mrs_msgs_generate_messages_check_deps_OdometryDiag
[  0%] Built target _mrs_msgs_generate_messages_check_deps_EspOdometry
[  0%] Built target _mrs_msgs_generate_messages_check_deps_EstimatedState
[  0%] Built target _mrs_msgs_generate_messages_check_deps_LkfStates
[  0%] Built target _mrs_msgs_generate_messages_check_deps_Altitude
[  0%] Built target _mrs_msgs_generate_messages_check_deps_AltitudeStateNames
[  0%] Built target _mrs_msgs_generate_messages_check_deps_AltitudeType
[  0%] Built target _mrs_msgs_generate_messages_check_deps_Heading
[  0%] Built target _mrs_msgs_generate_messages_check_deps_HeadingStateNames
[  0%] Built target _mrs_msgs_generate_messages_check_deps_HeadingType
[  0%] Built target _mrs_msgs_generate_messages_check_deps_UavState
[  0%] Built target _mrs_msgs_generate_messages_check_deps_AloamgarmDebug
[  0%] Built target _mrs_msgs_generate_messages_check_deps_OusterInfo
[  0%] Built target _mrs_msgs_generate_messages_check_deps_PositionCommand
[  0%] Built target _mrs_msgs_generate_messages_check_deps_AttitudeCommand
[  0%] Built target _mrs_msgs_generate_messages_check_deps_TrackerStatus
[  0%] Built target _mrs_msgs_generate_messages_check_deps_ControllerStatus
[  0%] Built target _mrs_msgs_generate_messages_check_deps_EulerAngles
[  0%] Built target _mrs_msgs_generate_messages_check_deps_BoolStamped
[  0%] Built target _mrs_msgs_generate_messages_check_deps_ControlManagerDiagnostics
[  0%] Built target _mrs_msgs_generate_messages_check_deps_BumperStatus
[  0%] Built target _mrs_msgs_generate_messages_check_deps_Reference
[  0%] Built target _mrs_msgs_generate_messages_check_deps_VelocityReference
[  0%] Built target _mrs_msgs_generate_messages_check_deps_VelocityReferenceStamped
[  0%] Built target _mrs_msgs_generate_messages_check_deps_TrajectoryReference
[  0%] Built target _mrs_msgs_generate_messages_check_deps_PathReference
[  0%] Built target _mrs_msgs_generate_messages_check_deps_ReferenceList
[  0%] Built target _mrs_msgs_generate_messages_check_deps_ReferenceStamped
[  0%] Built target _mrs_msgs_generate_messages_check_deps_Float64
[  0%] Built target _mrs_msgs_generate_messages_check_deps_DynamicsConstraints
[  0%] Built target _mrs_msgs_generate_messages_check_deps_ControlError
[  0%] Built target _mrs_msgs_generate_messages_check_deps_ConstraintManagerDiagnostics
[  0%] Built target _mrs_msgs_generate_messages_check_deps_GainManagerDiagnostics
[  0%] Built target _mrs_msgs_generate_messages_check_deps_UavManagerDiagnostics
[  0%] Built target _mrs_msgs_generate_messages_check_deps_UavStatus
[  0%] Built target _mrs_msgs_generate_messages_check_deps_UavStatusShort
[  0%] Built target _mrs_msgs_generate_messages_check_deps_CustomTopic
[  0%] Built target _mrs_msgs_generate_messages_check_deps_NodeCpuLoad
[  0%] Built target _mrs_msgs_generate_messages_check_deps_Se3Gains
[  0%] Built target _mrs_msgs_generate_messages_check_deps_Path
[  0%] Built target _mrs_msgs_generate_messages_check_deps_PathWithVelocity
[  0%] Built target _mrs_msgs_generate_messages_check_deps_ReferenceWithVelocity
[  0%] Built target _mrs_msgs_generate_messages_check_deps_MavrosState
[  0%] Built target _mrs_msgs_generate_messages_check_deps_GpsDiagnostics
[  0%] Built target _mrs_msgs_generate_messages_check_deps_SystemDiagnostics
[  0%] Built target _mrs_msgs_generate_messages_check_deps_BatteryDiagnostics
[  0%] Built target _mrs_msgs_generate_messages_check_deps_HeartbeatDiagnostics
[  0%] Built target _mrs_msgs_generate_messages_check_deps_MavrosDiagnostics
[  0%] Built target _mrs_msgs_generate_messages_check_deps_Bestpos
[  0%] Built target _mrs_msgs_generate_messages_check_deps_Bestvel
[  0%] Built target _mrs_msgs_generate_messages_check_deps_Gpgga
[  0%] Built target _mrs_msgs_generate_messages_check_deps_Gpgsa
[  0%] Built target _mrs_msgs_generate_messages_check_deps_Gpgst
[  0%] Built target _mrs_msgs_generate_messages_check_deps_Gpgsv
[  0%] Built target _mrs_msgs_generate_messages_check_deps_Gpvtg
[  0%] Built target _mrs_msgs_generate_messages_check_deps_Gprmc
[  0%] Built target _mrs_msgs_generate_messages_check_deps_StringStamped
[  0%] Built target _mrs_msgs_generate_messages_check_deps_GPSFix
[  0%] Built target _mrs_msgs_generate_messages_check_deps_GpsStatus
[  0%] Built target _mrs_msgs_generate_messages_check_deps_RangeInformation
[  0%] Built target _mrs_msgs_generate_messages_check_deps_Range
[  0%] Built target _mrs_msgs_generate_messages_check_deps_Satellite
[  0%] Built target _mrs_msgs_generate_messages_check_deps_TersusMessageHeader
[  0%] Built target _mrs_msgs_generate_messages_check_deps_Time
[  0%] Built target _mrs_msgs_generate_messages_check_deps_TrackstatChannel
[  0%] Built target _mrs_msgs_generate_messages_check_deps_Trackstat
[  0%] Built target _mrs_msgs_generate_messages_check_deps_BacaProtocol
[  0%] Built target _mrs_msgs_generate_messages_check_deps_SerialRaw
[  0%] Built target _mrs_msgs_generate_messages_check_deps_GimbalPRY
[  0%] Built target _mrs_msgs_generate_messages_check_deps_TarotGimbalState
[  0%] Built target _mrs_msgs_generate_messages_check_deps_GripperDiagnostics
[  0%] Built target _mrs_msgs_generate_messages_check_deps_ParachuteDiagnostics
[  0%] Built target _mrs_msgs_generate_messages_check_deps_ProfilerUpdate
[  0%] Built target _mrs_msgs_generate_messages_check_deps_Histogram
[  0%] Built target _mrs_msgs_generate_messages_check_deps_ObstacleSectors
[  0%] Built target _mrs_msgs_generate_messages_check_deps_SpeedTrackerCommand
[  0%] Built target _mrs_msgs_generate_messages_check_deps_Int32MultiArrayStamped
[  0%] Built target _mrs_msgs_generate_messages_check_deps_Point2DWithFloat
[  0%] Built target _mrs_msgs_generate_messages_check_deps_ImagePointsWithFloatStamped
[  0%] Built target _mrs_msgs_generate_messages_check_deps_SxdMeasurement
[  0%] Built target _mrs_msgs_generate_messages_check_deps_SxdHistogram
[  0%] Built target _mrs_msgs_generate_messages_check_deps_SxdDiagnostics
[  0%] Built target _mrs_msgs_generate_messages_check_deps_Sphere
[  0%] Built target _mrs_msgs_generate_messages_check_deps_PoseWithCovarianceIdentified
[  0%] Built target _mrs_msgs_generate_messages_check_deps_Track
[  0%] Built target _mrs_msgs_generate_messages_check_deps_PoseWithCovarianceArrayStamped
[  0%] Built target _mrs_msgs_generate_messages_check_deps_TrackStamped
[  0%] Built target _mrs_msgs_generate_messages_check_deps_TrackArrayStamped
[  0%] Built target _mrs_msgs_generate_messages_check_deps_ImageLabeled
[  0%] Built target _mrs_msgs_generate_messages_check_deps_NimbroTest
[  0%] Built target _mrs_msgs_generate_messages_check_deps_ImageLabeledArray
[  0%] Built target _mrs_msgs_generate_messages_check_deps_SpawnerDiagnostics
[  0%] Built target _mrs_msgs_generate_messages_check_deps_PathfinderDiagnostics
[  0%] Built target _mrs_msgs_generate_messages_check_deps_UInt16Stamped
[  0%] Built target _mrs_msgs_generate_messages_check_deps_PclToolsDiagnostics
[  0%] Built target _mrs_msgs_generate_messages_check_deps_Llcp
[  0%] Built target _mrs_msgs_generate_messages_check_deps_RadarData
[  0%] Built target _mrs_msgs_generate_messages_check_deps_BigDofecArm
[  0%] Built target _mrs_msgs_generate_messages_check_deps_BigDofecLaunch
[  0%] Built target _mrs_msgs_generate_messages_check_deps_BigDofecSetPWM
[  0%] Built target _mrs_msgs_generate_messages_check_deps_BigDofecSetLeds
[  0%] Built target _mrs_msgs_generate_messages_check_deps_BigDofecSalvo
[  0%] Built target _mrs_msgs_generate_messages_check_deps_LedStripDriver
[  0%] Built target _mrs_msgs_generate_messages_check_deps_ChangeState
[  0%] Built target _mrs_msgs_generate_messages_check_deps_GazeboApplyForce
[  0%] Built target _mrs_msgs_generate_messages_check_deps_GazeboAttach
[  0%] Built target _mrs_msgs_generate_messages_check_deps_GazeboAttachTyped
[  0%] Built target _mrs_msgs_generate_messages_check_deps_GazeboDeleteModel
[  0%] Built target _mrs_msgs_generate_messages_check_deps_String
[  0%] Built target _mrs_msgs_generate_messages_check_deps_Vec4
[  0%] Built target _mrs_msgs_generate_messages_check_deps_Vec1
[  0%] Built target _mrs_msgs_generate_messages_check_deps_GetFloat64
[  0%] Built target _mrs_msgs_generate_messages_check_deps_Float64Srv
[  0%] Built target _mrs_msgs_generate_messages_check_deps_PlannerTask
[  0%] Built target _mrs_msgs_generate_messages_check_deps_Float64StampedSrv
[  0%] Built target _mrs_msgs_generate_messages_check_deps_DynamicsConstraintsSrv
[  0%] Built target _mrs_msgs_generate_messages_check_deps_ReferenceSrv
[  0%] Built target _mrs_msgs_generate_messages_check_deps_VelocityReferenceSrv
[  0%] Built target _mrs_msgs_generate_messages_check_deps_VelocityReferenceStampedSrv
[  0%] Built target _mrs_msgs_generate_messages_check_deps_ReferenceStampedSrv
[  0%] Built target _mrs_msgs_generate_messages_check_deps_TrajectoryReferenceSrv
[  0%] Built target _mrs_msgs_generate_messages_check_deps_TransformReferenceSrv
[  0%] Built target _mrs_msgs_generate_messages_check_deps_TransformPoseSrv
[  0%] Built target _mrs_msgs_generate_messages_check_deps_ValidateReference
[  0%] Built target _mrs_msgs_generate_messages_check_deps_TransformVector3Srv
[  0%] Built target _mrs_msgs_generate_messages_check_deps_ValidateReferenceList
[  0%] Built target _mrs_msgs_generate_messages_check_deps_BumperParamsSrv
[  0%] Built target _mrs_msgs_generate_messages_check_deps_ConstraintsOverride
[  0%] Built target _mrs_msgs_generate_messages_check_deps_ChangeEstimator
[  0%] Built target _mrs_msgs_generate_messages_check_deps_ChangeHdgEstimator
[  0%] Built target _mrs_msgs_generate_messages_check_deps_ChangeAltEstimator
[  0%] Built target _mrs_msgs_generate_messages_check_deps_SetInt
[  0%] Built target _mrs_msgs_generate_messages_check_deps_OffsetOdom
[  0%] Built target _mrs_msgs_generate_messages_check_deps_NimbroTestSrv
[  0%] Built target _mrs_msgs_generate_messages_check_deps_PathSrv
[  0%] Built target sensor_msgs_generate_messages_cpp
[  0%] Built target std_msgs_generate_messages_cpp
[  0%] Built target std_msgs_generate_messages_eus
[  0%] Built target geometry_msgs_generate_messages_cpp
[  0%] Built target geometry_msgs_generate_messages_eus
[  0%] Built target sensor_msgs_generate_messages_eus
[  0%] Built target std_msgs_generate_messages_lisp
[  0%] Built target sensor_msgs_generate_messages_lisp
[  0%] Built target geometry_msgs_generate_messages_lisp
[  0%] Built target std_msgs_generate_messages_nodejs
[  0%] Built target sensor_msgs_generate_messages_nodejs
[  0%] Built target geometry_msgs_generate_messages_nodejs
[  0%] Built target _catkin_empty_exported_target
[  0%] Built target roscpp_generate_messages_cpp
[  0%] Built target roscpp_generate_messages_eus
[  0%] Built target roscpp_generate_messages_lisp
[  0%] Built target roscpp_generate_messages_nodejs
[  0%] Built target roscpp_generate_messages_py
[  0%] Built target rosgraph_msgs_generate_messages_cpp
[  0%] Built target rosgraph_msgs_generate_messages_eus
[  0%] Built target rosgraph_msgs_generate_messages_lisp
[  0%] Built target rosgraph_msgs_generate_messages_nodejs
[  0%] Built target rosgraph_msgs_generate_messages_py
[  0%] Built target std_srvs_generate_messages_cpp
[  0%] Built target std_srvs_generate_messages_eus
[  0%] Built target std_srvs_generate_messages_lisp
[  0%] Built target std_srvs_generate_messages_nodejs
[  0%] Built target std_srvs_generate_messages_py
[ 21%] Built target mrs_msgs_generate_messages_py
[ 39%] Built target mrs_msgs_generate_messages_cpp
[ 59%] Built target mrs_msgs_generate_messages_eus
[ 79%] Built target mrs_msgs_generate_messages_lisp
[100%] Built target mrs_msgs_generate_messages_nodejs
[100%] Built target mrs_msgs_generate_messages
[100%] Built target mrs_msgs
