[  0%] Built target visualization_msgs_generate_messages_py
[  0%] Built target _catkin_empty_exported_target
[  0%] Built target gazebo_msgs_generate_messages_cpp
[  0%] Built target gazebo_msgs_generate_messages_eus
[  0%] Built target gazebo_msgs_generate_messages_lisp
[  0%] Built target gazebo_msgs_generate_messages_nodejs
[  0%] Built target std_msgs_generate_messages_cpp
[  0%] Built target gazebo_msgs_generate_messages_py
[  0%] Built target std_msgs_generate_messages_eus
[  0%] Built target std_msgs_generate_messages_lisp
[  0%] Built target std_msgs_generate_messages_nodejs
[  0%] Built target std_msgs_generate_messages_py
[  0%] Built target trajectory_msgs_generate_messages_eus
[  0%] Built target trajectory_msgs_generate_messages_cpp
[  0%] Built target trajectory_msgs_generate_messages_lisp
[  0%] Built target trajectory_msgs_generate_messages_nodejs
[  0%] Built target trajectory_msgs_generate_messages_py
[  0%] Built target geometry_msgs_generate_messages_cpp
[  0%] Built target geometry_msgs_generate_messages_eus
[  0%] Built target sensor_msgs_generate_messages_eus
[  0%] Built target sensor_msgs_generate_messages_cpp
[  0%] Built target geometry_msgs_generate_messages_nodejs
[  0%] Built target sensor_msgs_generate_messages_lisp
[  0%] Built target geometry_msgs_generate_messages_py
[  0%] Built target sensor_msgs_generate_messages_nodejs
[  0%] Built target sensor_msgs_generate_messages_py
[  0%] Built target std_srvs_generate_messages_cpp
[  0%] Built target std_srvs_generate_messages_eus
[  0%] Built target std_srvs_generate_messages_lisp
[  0%] Built target std_srvs_generate_messages_nodejs
[  0%] Built target geometry_msgs_generate_messages_lisp
[  0%] Built target std_srvs_generate_messages_py
[  0%] Built target roscpp_generate_messages_cpp
[  0%] Built target roscpp_generate_messages_eus
[  0%] Built target roscpp_generate_messages_lisp
[  0%] Built target roscpp_generate_messages_nodejs
[  0%] Built target roscpp_generate_messages_py
[  0%] Built target rosgraph_msgs_generate_messages_cpp
[  0%] Built target rosgraph_msgs_generate_messages_lisp
[  0%] Built target rosgraph_msgs_generate_messages_eus
[  0%] Built target rosgraph_msgs_generate_messages_nodejs
[  0%] Built target rosgraph_msgs_generate_messages_py
[  0%] Built target nodelet_generate_messages_cpp
[  0%] Built target nodelet_generate_messages_py
[  0%] Built target bond_generate_messages_eus
[  0%] Built target bond_generate_messages_lisp
[  0%] Built target nodelet_generate_messages_eus
[  0%] Built target nodelet_generate_messages_lisp
[  0%] Built target bond_generate_messages_nodejs
[  0%] Built target bond_generate_messages_py
[  0%] Built target nav_msgs_generate_messages_cpp
[  0%] Built target nodelet_generate_messages_nodejs
[  0%] Built target actionlib_msgs_generate_messages_cpp
[  0%] Built target nav_msgs_generate_messages_eus
[  0%] Built target actionlib_msgs_generate_messages_eus
[  0%] Built target tf_generate_messages_eus
[  0%] Built target nav_msgs_generate_messages_lisp
[  0%] Built target nav_msgs_generate_messages_nodejs
[  0%] Built target tf_generate_messages_lisp
[  0%] Built target tf_generate_messages_nodejs
[  0%] Built target nav_msgs_generate_messages_py
[  0%] Built target tf_generate_messages_cpp
[  0%] Built target tf_generate_messages_py
[  0%] Built target tf2_msgs_generate_messages_cpp
[  0%] Built target tf2_msgs_generate_messages_eus
[  0%] Built target tf2_msgs_generate_messages_lisp
[  0%] Built target bond_generate_messages_cpp
[  0%] Built target tf2_msgs_generate_messages_nodejs
[  0%] Built target tf2_msgs_generate_messages_py
[  0%] Built target actionlib_generate_messages_py
[  0%] Built target dynamic_reconfigure_generate_messages_eus
[  0%] Built target dynamic_reconfigure_generate_messages_cpp
[  0%] Built target actionlib_generate_messages_lisp
[  0%] Built target dynamic_reconfigure_generate_messages_lisp
[  0%] Built target actionlib_generate_messages_eus
[  0%] Built target actionlib_generate_messages_cpp
[  0%] Built target actionlib_generate_messages_nodejs
[  0%] Built target polled_camera_generate_messages_cpp
[  0%] Built target polled_camera_generate_messages_eus
[  0%] Built target polled_camera_generate_messages_lisp
[  0%] Built target polled_camera_generate_messages_nodejs
[  0%] Built target dynamic_reconfigure_generate_messages_py
[  0%] Built target dynamic_reconfigure_generate_messages_nodejs
[  0%] Built target dynamic_reconfigure_gencfg
[  0%] Built target polled_camera_generate_messages_py
[  0%] Built target diagnostic_msgs_generate_messages_cpp
[  0%] Built target diagnostic_msgs_generate_messages_eus
[  0%] Built target visualization_msgs_generate_messages_lisp
[  0%] Built target visualization_msgs_generate_messages_cpp
[  0%] Built target visualization_msgs_generate_messages_eus
[  0%] Built target diagnostic_msgs_generate_messages_lisp
[  0%] Built target diagnostic_msgs_generate_messages_py
[  0%] Built target visualization_msgs_generate_messages_nodejs
[  0%] Built target diagnostic_msgs_generate_messages_nodejs
[  0%] Built target actionlib_msgs_generate_messages_lisp
[  0%] Built target actionlib_msgs_generate_messages_nodejs
[  0%] Built target actionlib_msgs_generate_messages_py
[  2%] Built target gazebo_ros_imu_sensor
[  4%] Built target gazebo_ros_f3d
[  7%] Built target gazebo_ros_imu
[  9%] Built target gazebo_ros_gpu_laser
[ 12%] Built target gazebo_ros_utils
[ 14%] Built target MultiCameraPlugin
[ 16%] Built target gazebo_ros_block_laser
[ 19%] Built target gazebo_ros_laser
[ 21%] Built target gazebo_ros_joint_state_publisher
[ 24%] Built target gazebo_ros_p3d
[ 26%] Built target gazebo_ros_joint_pose_trajectory
[ 32%] Built target gazebo_plugins_gencfg
[ 34%] Built target gazebo_ros_force
[ 37%] Built target gazebo_ros_projector
[ 39%] Built target gazebo_ros_planar_move
[ 42%] Built target gazebo_ros_video
[ 44%] Built target gazebo_ros_skid_steer_drive
[ 46%] Built target gazebo_ros_harness
[ 49%] Built target gazebo_ros_ft_sensor
[ 51%] Built target gazebo_ros_range
[ 54%] Built target gazebo_ros_hand_of_god
[ 56%] Built target pub_joint_trajectory_test
[ 59%] Built target gazebo_ros_diff_drive
[ 61%] Built target gazebo_ros_bumper
[ 63%] Built target gazebo_ros_vacuum_gripper
[ 66%] Built target gazebo_ros_tricycle_drive
[ 68%] Built target gazebo_ros_wheel_slip
[ 71%] Built target gazebo_ros_elevator
[ 73%] Built target gazebo_ros_template
[ 75%] Built target vision_reconfigure
[ 78%] Built target hokuyo_node
[ 80%] Built target gazebo_ros_camera_utils
[ 83%] Built target camera_synchronizer
[ 85%] Built target gazebo_ros_multicamera
[ 87%] Built target gazebo_ros_depth_camera
[ 90%] Built target gazebo_ros_camera
[ 92%] Built target gazebo_ros_triggered_camera
[ 95%] Built target gazebo_ros_openni_kinect
[ 97%] Built target gazebo_ros_prosilica
[100%] Built target gazebo_ros_triggered_multicamera
