[  0%] Built target visualization_msgs_generate_messages_py
[  0%] Built target _catkin_empty_exported_target
[  0%] Built target gazebo_msgs_generate_messages_cpp
[  0%] Built target gazebo_msgs_generate_messages_eus
[  0%] Built target gazebo_msgs_generate_messages_lisp
[  0%] Built target gazebo_msgs_generate_messages_nodejs
[  0%] Built target gazebo_msgs_generate_messages_py
[  0%] Built target std_msgs_generate_messages_cpp
[  0%] Built target std_msgs_generate_messages_eus
[  0%] Built target std_msgs_generate_messages_lisp
[  0%] Built target std_msgs_generate_messages_nodejs
[  0%] Built target std_msgs_generate_messages_py
[  0%] Built target trajectory_msgs_generate_messages_cpp
[  0%] Built target trajectory_msgs_generate_messages_eus
[  0%] Built target trajectory_msgs_generate_messages_lisp
[  0%] Built target trajectory_msgs_generate_messages_nodejs
[  0%] Built target trajectory_msgs_generate_messages_py
[  0%] Built target geometry_msgs_generate_messages_cpp
[  0%] Built target geometry_msgs_generate_messages_eus
[  0%] Built target geometry_msgs_generate_messages_lisp
[  0%] Built target geometry_msgs_generate_messages_nodejs
[  0%] Built target geometry_msgs_generate_messages_py
[  0%] Built target sensor_msgs_generate_messages_cpp
[  0%] Built target sensor_msgs_generate_messages_eus
[  0%] Built target sensor_msgs_generate_messages_lisp
[  0%] Built target sensor_msgs_generate_messages_nodejs
[  0%] Built target sensor_msgs_generate_messages_py
[  0%] Built target std_srvs_generate_messages_cpp
[  0%] Built target std_srvs_generate_messages_eus
[  0%] Built target std_srvs_generate_messages_lisp
[  0%] Built target std_srvs_generate_messages_nodejs
[  0%] Built target std_srvs_generate_messages_py
[  0%] Built target roscpp_generate_messages_cpp
[  0%] Built target roscpp_generate_messages_eus
[  0%] Built target roscpp_generate_messages_lisp
[  0%] Built target roscpp_generate_messages_nodejs
[  0%] Built target roscpp_generate_messages_py
[  0%] Built target rosgraph_msgs_generate_messages_cpp
[  0%] Built target rosgraph_msgs_generate_messages_eus
[  0%] Built target rosgraph_msgs_generate_messages_lisp
[  0%] Built target rosgraph_msgs_generate_messages_nodejs
[  0%] Built target rosgraph_msgs_generate_messages_py
[  0%] Built target nodelet_generate_messages_cpp
[  0%] Built target nodelet_generate_messages_eus
[  0%] Built target nodelet_generate_messages_lisp
[  0%] Built target nodelet_generate_messages_nodejs
[  0%] Built target nodelet_generate_messages_py
[  0%] Built target bond_generate_messages_cpp
[  0%] Built target bond_generate_messages_eus
[  0%] Built target bond_generate_messages_lisp
[  0%] Built target bond_generate_messages_nodejs
[  0%] Built target bond_generate_messages_py
[  0%] Built target nav_msgs_generate_messages_cpp
[  0%] Built target nav_msgs_generate_messages_eus
[  0%] Built target nav_msgs_generate_messages_lisp
[  0%] Built target nav_msgs_generate_messages_nodejs
[  0%] Built target nav_msgs_generate_messages_py
[  0%] Built target actionlib_msgs_generate_messages_cpp
[  0%] Built target actionlib_msgs_generate_messages_eus
[  0%] Built target actionlib_msgs_generate_messages_lisp
[  0%] Built target actionlib_msgs_generate_messages_nodejs
[  0%] Built target actionlib_msgs_generate_messages_py
[  0%] Built target tf_generate_messages_cpp
[  0%] Built target tf_generate_messages_eus
[  0%] Built target tf_generate_messages_lisp
[  0%] Built target tf_generate_messages_nodejs
[  0%] Built target tf_generate_messages_py
[  0%] Built target actionlib_generate_messages_cpp
[  0%] Built target actionlib_generate_messages_eus
[  0%] Built target actionlib_generate_messages_lisp
[  0%] Built target actionlib_generate_messages_nodejs
[  0%] Built target actionlib_generate_messages_py
[  0%] Built target tf2_msgs_generate_messages_cpp
[  0%] Built target tf2_msgs_generate_messages_eus
[  0%] Built target tf2_msgs_generate_messages_lisp
[  0%] Built target tf2_msgs_generate_messages_nodejs
[  0%] Built target tf2_msgs_generate_messages_py
[  0%] Built target dynamic_reconfigure_generate_messages_cpp
[  0%] Built target dynamic_reconfigure_generate_messages_eus
[  0%] Built target dynamic_reconfigure_generate_messages_lisp
[  0%] Built target dynamic_reconfigure_generate_messages_nodejs
[  0%] Built target dynamic_reconfigure_generate_messages_py
[  0%] Built target dynamic_reconfigure_gencfg
[  0%] Built target polled_camera_generate_messages_cpp
[  0%] Built target polled_camera_generate_messages_eus
[  0%] Built target polled_camera_generate_messages_lisp
[  0%] Built target polled_camera_generate_messages_nodejs
[  0%] Built target polled_camera_generate_messages_py
[  0%] Built target diagnostic_msgs_generate_messages_cpp
[  0%] Built target diagnostic_msgs_generate_messages_eus
[  0%] Built target diagnostic_msgs_generate_messages_lisp
[  0%] Built target diagnostic_msgs_generate_messages_nodejs
[  0%] Built target diagnostic_msgs_generate_messages_py
[  0%] Built target visualization_msgs_generate_messages_cpp
[  0%] Built target visualization_msgs_generate_messages_eus
[  0%] Built target visualization_msgs_generate_messages_lisp
[  0%] Built target visualization_msgs_generate_messages_nodejs
[  2%] Built target gazebo_ros_utils
[  4%] Built target MultiCameraPlugin
[  7%] Built target gazebo_ros_gpu_laser
[  9%] Built target gazebo_ros_harness
[ 12%] Built target gazebo_ros_laser
[ 14%] Built target gazebo_ros_block_laser
[ 16%] Built target gazebo_ros_p3d
[ 19%] Built target gazebo_ros_imu
[ 21%] Built target gazebo_ros_imu_sensor
[ 24%] Built target gazebo_ros_f3d
[ 26%] Built target gazebo_ros_bumper
[ 28%] Built target gazebo_ros_projector
[ 31%] Built target gazebo_ros_force
[ 33%] Built target gazebo_ros_joint_state_publisher
[ 36%] Built target gazebo_ros_joint_pose_trajectory
[ 38%] Built target gazebo_ros_diff_drive
[ 40%] Built target gazebo_ros_tricycle_drive
[ 43%] Built target gazebo_ros_skid_steer_drive
[ 45%] Built target gazebo_ros_video
[ 48%] Built target gazebo_ros_planar_move
[ 50%] Built target gazebo_ros_hand_of_god
[ 53%] Built target gazebo_ros_ft_sensor
[ 55%] Built target gazebo_ros_range
[ 57%] Built target gazebo_ros_vacuum_gripper
[ 60%] Built target gazebo_ros_template
[ 66%] Built target gazebo_plugins_gencfg
[ 68%] Built target pub_joint_trajectory_test
[ 71%] Built target gazebo_ros_camera_utils
[ 73%] Built target gazebo_ros_elevator
[ 75%] Built target gazebo_ros_multicamera
[ 78%] Built target gazebo_ros_depth_camera
[ 80%] Built target gazebo_ros_openni_kinect
[ 83%] Built target gazebo_ros_wheel_slip
[ 85%] Built target gazebo_ros_prosilica
[ 87%] Built target hokuyo_node
[ 90%] Built target vision_reconfigure
[ 92%] Built target gazebo_ros_camera
[ 95%] Built target gazebo_ros_triggered_camera
[ 97%] Built target camera_synchronizer
[100%] Built target gazebo_ros_triggered_multicamera
