Performing C SOURCE FILE Test CMAKE_HAVE_LIBC_PTHREAD failed with the following output:
Change Dir: /home/akash/catkin_ws/build/libmavconn/CMakeFiles/CMakeScratch/TryCompile-CA98pX

Run Build Command(s):/usr/bin/make -f Makefile cmTC_cb7ca/fast && /usr/bin/make  -f CMakeFiles/cmTC_cb7ca.dir/build.make CMakeFiles/cmTC_cb7ca.dir/build
make[1]: Entering directory '/home/akash/catkin_ws/build/libmavconn/CMakeFiles/CMakeScratch/TryCompile-CA98pX'
Building C object CMakeFiles/cmTC_cb7ca.dir/src.c.o
/usr/bin/cc -DCMAKE_HAVE_LIBC_PTHREAD   -o CMakeFiles/cmTC_cb7ca.dir/src.c.o -c /home/akash/catkin_ws/build/libmavconn/CMakeFiles/CMakeScratch/TryCompile-CA98pX/src.c
Linking C executable cmTC_cb7ca
/usr/bin/cmake -E cmake_link_script CMakeFiles/cmTC_cb7ca.dir/link.txt --verbose=1
/usr/bin/cc -rdynamic CMakeFiles/cmTC_cb7ca.dir/src.c.o -o cmTC_cb7ca 
/usr/bin/ld: CMakeFiles/cmTC_cb7ca.dir/src.c.o: in function `main':
src.c:(.text+0x46): undefined reference to `pthread_create'
/usr/bin/ld: src.c:(.text+0x52): undefined reference to `pthread_detach'
/usr/bin/ld: src.c:(.text+0x5e): undefined reference to `pthread_cancel'
/usr/bin/ld: src.c:(.text+0x6f): undefined reference to `pthread_join'
collect2: error: ld returned 1 exit status
make[1]: *** [CMakeFiles/cmTC_cb7ca.dir/build.make:99: cmTC_cb7ca] Error 1
make[1]: Leaving directory '/home/akash/catkin_ws/build/libmavconn/CMakeFiles/CMakeScratch/TryCompile-CA98pX'
make: *** [Makefile:127: cmTC_cb7ca/fast] Error 2


Source file was:
#include <pthread.h>

static void* test_func(void* data)
{
  return data;
}

int main(void)
{
  pthread_t thread;
  pthread_create(&thread, NULL, test_func, NULL);
  pthread_detach(thread);
  pthread_cancel(thread);
  pthread_join(thread, NULL);
  pthread_atfork(NULL, NULL, NULL);
  pthread_exit(NULL);

  return 0;
}


Determining if the function pthread_create exists in the pthreads failed with the following output:
Change Dir: /home/akash/catkin_ws/build/libmavconn/CMakeFiles/CMakeScratch/TryCompile-su6lvY

Run Build Command(s):/usr/bin/make -f Makefile cmTC_81aff/fast && /usr/bin/make  -f CMakeFiles/cmTC_81aff.dir/build.make CMakeFiles/cmTC_81aff.dir/build
make[1]: Entering directory '/home/akash/catkin_ws/build/libmavconn/CMakeFiles/CMakeScratch/TryCompile-su6lvY'
Building C object CMakeFiles/cmTC_81aff.dir/CheckFunctionExists.c.o
/usr/bin/cc   -DCHECK_FUNCTION_EXISTS=pthread_create -o CMakeFiles/cmTC_81aff.dir/CheckFunctionExists.c.o -c /home/akash/catkin_ws/build/libmavconn/CMakeFiles/CMakeScratch/TryCompile-su6lvY/CheckFunctionExists.c
Linking C executable cmTC_81aff
/usr/bin/cmake -E cmake_link_script CMakeFiles/cmTC_81aff.dir/link.txt --verbose=1
/usr/bin/cc  -DCHECK_FUNCTION_EXISTS=pthread_create -rdynamic CMakeFiles/cmTC_81aff.dir/CheckFunctionExists.c.o -o cmTC_81aff  -lpthreads 
/usr/bin/ld: cannot find -lpthreads
collect2: error: ld returned 1 exit status
make[1]: *** [CMakeFiles/cmTC_81aff.dir/build.make:99: cmTC_81aff] Error 1
make[1]: Leaving directory '/home/akash/catkin_ws/build/libmavconn/CMakeFiles/CMakeScratch/TryCompile-su6lvY'
make: *** [Makefile:127: cmTC_81aff/fast] Error 2



