[01m[K/home/akash/catkin_ws/src/Alberto_and_Joan/path_planning/code/path_planning_node.cpp:[m[K In member function ‘[01m[Kompl::base::Cost EnergyObjective<BaseT, AerialFactor, GroundFactor>::motionCost(const ompl::base::State*, const ompl::base::State*) const[m[K’:
[01m[K/home/akash/catkin_ws/src/Alberto_and_Joan/path_planning/code/path_planning_node.cpp:153:18:[m[K [01;31m[Kerror: [m[K‘[01m[Ksi_[m[K’ was not declared in this scope; did you mean ‘[01m[Ksin[m[K’?
  153 |    double cost = [01;31m[Ksi_[m[K->distance(s1, s2) * factor;
      |                  [01;31m[K^~~[m[K
      |                  [32m[Ksin[m[K
[01m[K/home/akash/catkin_ws/src/Alberto_and_Joan/path_planning/code/path_planning_node.cpp:[m[K In function ‘[01m[Kvoid plan()[m[K’:
[01m[K/home/akash/catkin_ws/src/Alberto_and_Joan/path_planning/code/path_planning_node.cpp:231:49:[m[K [01;31m[Kerror: [m[Kcannot declare variable ‘[01m[Kobj[m[K’ to be of abstract type ‘[01m[KEnergyObjective<ompl::base::OptimizationObjective, 5, 2>[m[K’
  231 |  EnergyObjective<ob::OptimizationObjective,5,2> [01;31m[Kobj[m[K(si);
      |                                                 [01;31m[K^~~[m[K
[01m[K/home/akash/catkin_ws/src/Alberto_and_Joan/path_planning/code/path_planning_node.cpp:135:7:[m[K [01;36m[Knote: [m[K  because the following virtual functions are pure within ‘[01m[KEnergyObjective<ompl::base::OptimizationObjective, 5, 2>[m[K’:
  135 | class [01;36m[KEnergyObjective[m[K : public BaseT
      |       [01;36m[K^~~~~~~~~~~~~~~[m[K
In file included from [01m[K/home/akash/catkin_ws/src/Alberto_and_Joan/path_planning/code/path_planning_node.cpp:29[m[K:
[01m[K/usr/include/ompl/base/OptimizationObjective.h:113:26:[m[K [01;36m[Knote: [m[K	‘[01m[Kvirtual ompl::base::Cost ompl::base::OptimizationObjective::stateCost(const ompl::base::State*) const[m[K’
  113 |             virtual Cost [01;36m[KstateCost[m[K(const State *s) const = 0;
      |                          [01;36m[K^~~~~~~~~[m[K
[01m[K/home/akash/catkin_ws/src/Alberto_and_Joan/path_planning/code/path_planning_node.cpp:232:11:[m[K [01;31m[Kerror: [m[K‘[01m[Kusing element_type = class ompl::base::Planner[m[K’ {aka ‘[01m[Kclass ompl::base::Planner[m[K’} has no member named ‘[01m[KsetOptimizationObjective[m[K’
  232 |  planner->[01;31m[KsetOptimizationObjective[m[K(obj);
      |           [01;31m[K^~~~~~~~~~~~~~~~~~~~~~~~[m[K
[01m[K/home/akash/catkin_ws/src/Alberto_and_Joan/path_planning/code/path_planning_node.cpp:299:7:[m[K [01;31m[Kerror: [m[K‘[01m[Kground[m[K’ was not declared in this scope; did you mean ‘[01m[Kround[m[K’?
  299 |   if ([01;31m[Kground[m[K)
      |       [01;31m[K^~~~~~[m[K
      |       [32m[Kround[m[K
[01m[K/home/akash/catkin_ws/src/Alberto_and_Joan/path_planning/code/path_planning_node.cpp:322:9:[m[K [01;31m[Kerror: [m[K‘[01m[Kground[m[K’ was not declared in this scope; did you mean ‘[01m[Kround[m[K’?
  322 |    if (![01;31m[Kground[m[K && point[2] < min_aerial_height)
      |         [01;31m[K^~~~~~[m[K
      |         [32m[Kround[m[K
[01m[K/home/akash/catkin_ws/src/Alberto_and_Joan/path_planning/code/path_planning_node.cpp:[m[K In function ‘[01m[Kint main(int, char**)[m[K’:
[01m[K/home/akash/catkin_ws/src/Alberto_and_Joan/path_planning/code/path_planning_node.cpp:432:15:[m[K [01;31m[Kerror: [m[K‘[01m[Kclass ros::NodeHandle[m[K’ has no member named ‘[01m[Kadvertse[m[K’; did you mean ‘[01m[Kadvertise[m[K’?
  432 |  vis_pub = nh.[01;31m[Kadvertse[m[K<visualization_msgs::Marker>(OUTPUT_TOPIC_VIS,5);
      |               [01;31m[K^~~~~~~~[m[K
      |               [32m[Kadvertise[m[K
[01m[K/home/akash/catkin_ws/src/Alberto_and_Joan/path_planning/code/path_planning_node.cpp:432:50:[m[K [01;31m[Kerror: [m[Kexpected primary-expression before ‘[01m[K>[m[K’ token
  432 |  vis_pub = nh.advertse<visualization_msgs::Marker[01;31m[K>[m[K(OUTPUT_TOPIC_VIS,5);
      |                                                  [01;31m[K^[m[K
make[2]: *** [CMakeFiles/path_planning_node.dir/build.make:76: CMakeFiles/path_planning_node.dir/code/path_planning_node.cpp.o] Error 1
make[1]: *** [CMakeFiles/Makefile2:1618: CMakeFiles/path_planning_node.dir/all] Error 2
make: *** [Makefile:146: all] Error 2
