[01m[K/home/akash/catkin_ws/src/Alberto_and_Joan/path_planning/code/path_planning_node.cpp:[m[K In member function ‘[01m[Kvirtual ompl::base::Cost EnergyObjective::stateCost(const ompl::base::State*) const[m[K’:
[01m[K/home/akash/catkin_ws/src/Alberto_and_Joan/path_planning/code/path_planning_node.cpp:128:58:[m[K [01;35m[Kwarning: [m[Kno return statement in function returning non-void [[01;35m[K-Wreturn-type[m[K]
  128 |   ob::Cost stateCost(const ob::State* s) const override {[01;35m[K}[m[K
      |                                                          [01;35m[K^[m[K
[01m[K/home/akash/catkin_ws/src/Alberto_and_Joan/path_planning/code/path_planning_node.cpp:[m[K In function ‘[01m[Kvoid plan()[m[K’:
[01m[K/home/akash/catkin_ws/src/Alberto_and_Joan/path_planning/code/path_planning_node.cpp:386:42:[m[K [01;31m[Kerror: [m[Kcannot convert ‘[01m[Kconst ompl::base::State[m[K’ to ‘[01m[Kconst ompl::base::State*[m[K’
  386 |     double motion_cost = obj->motionCost([01;31m[K*prev_state[m[K, *curr_state);
      |                                          [01;31m[K^~~~~~~~~~~[m[K
      |                                          [01;31m[K|[m[K
      |                                          [01;31m[Kconst ompl::base::State[m[K
In file included from [01m[K/home/akash/catkin_ws/src/Alberto_and_Joan/path_planning/code/path_planning_node.cpp:29[m[K:
[01m[K/usr/include/ompl/base/OptimizationObjective.h:116:50:[m[K [01;36m[Knote: [m[K  initializing argument 1 of ‘[01m[Kvirtual ompl::base::Cost ompl::base::OptimizationObjective::motionCost(const ompl::base::State*, const ompl::base::State*) const[m[K’
  116 |             virtual Cost motionCost([01;36m[Kconst State *s1[m[K, const State *s2) const = 0;
      |                                     [01;36m[K~~~~~~~~~~~~~^~[m[K
[01m[K/home/akash/catkin_ws/src/Alberto_and_Joan/path_planning/code/path_planning_node.cpp:389:36:[m[K [01;31m[Kerror: [m[Kexpected ‘[01m[K;[m[K’ before ‘[01m[K}[m[K’ token
  389 |   ECost_pub.publish(waypoint_costs)
      |                                    [01;31m[K^[m[K
      |                                    [32m[K;[m[K
  390 |   [32m[K}[m[K
      |   [32m[K~[m[K                                 
make[2]: *** [CMakeFiles/path_planning_node.dir/build.make:76: CMakeFiles/path_planning_node.dir/code/path_planning_node.cpp.o] Error 1
make[1]: *** [CMakeFiles/Makefile2:2781: CMakeFiles/path_planning_node.dir/all] Error 2
make: *** [Makefile:146: all] Error 2
