[01m[K/home/akash/catkin_ws/src/Alberto_and_Joan/path_planning/code/path_planning_node.cpp:[m[K In constructor ‘[01m[KEnergyObjective::EnergyObjective(const SpaceInformationPtr&)[m[K’:
[01m[K/home/akash/catkin_ws/src/Alberto_and_Joan/path_planning/code/path_planning_node.cpp:111:4:[m[K [01;31m[Kerror: [m[K‘[01m[KAerialFactor[m[K’ was not declared in this scope
  111 |    [01;31m[KAerialFactor[m[K = 2.0;
      |    [01;31m[K^~~~~~~~~~~~[m[K
[01m[K/home/akash/catkin_ws/src/Alberto_and_Joan/path_planning/code/path_planning_node.cpp:112:4:[m[K [01;31m[Kerror: [m[K‘[01m[KGroundFactor[m[K’ was not declared in this scope
  112 |    [01;31m[KGroundFactor[m[K = 0.8;
      |    [01;31m[K^~~~~~~~~~~~[m[K
[01m[K/home/akash/catkin_ws/src/Alberto_and_Joan/path_planning/code/path_planning_node.cpp:[m[K In member function ‘[01m[Kvirtual ompl::base::Cost EnergyObjective::stateCost(const ompl::base::State*) const[m[K’:
[01m[K/home/akash/catkin_ws/src/Alberto_and_Joan/path_planning/code/path_planning_node.cpp:122:14:[m[K [01;31m[Kerror: [m[K‘[01m[KAerialFactor[m[K’ was not declared in this scope
  122 |     factor = [01;31m[KAerialFactor[m[K;
      |              [01;31m[K^~~~~~~~~~~~[m[K
[01m[K/home/akash/catkin_ws/src/Alberto_and_Joan/path_planning/code/path_planning_node.cpp:126:14:[m[K [01;31m[Kerror: [m[K‘[01m[KGroundFactor[m[K’ was not declared in this scope
  126 |     factor = [01;31m[KGroundFactor[m[K;
      |              [01;31m[K^~~~~~~~~~~~[m[K
[01m[K/home/akash/catkin_ws/src/Alberto_and_Joan/path_planning/code/path_planning_node.cpp:[m[K In member function ‘[01m[Kvirtual ompl::base::Cost EnergyObjective::motionCost(const ompl::base::State*, const ompl::base::State*) const[m[K’:
[01m[K/home/akash/catkin_ws/src/Alberto_and_Joan/path_planning/code/path_planning_node.cpp:132:81:[m[K [01;35m[Kwarning: [m[Kno return statement in function returning non-void [[01;35m[K-Wreturn-type[m[K]
  132 |   ob::Cost motionCost(const ob::State *s1, const ob::State *s2) const override {[01;35m[K}[m[K
      |                                                                                 [01;35m[K^[m[K
make[2]: *** [CMakeFiles/path_planning_node.dir/build.make:76: CMakeFiles/path_planning_node.dir/code/path_planning_node.cpp.o] Error 1
make[1]: *** [CMakeFiles/Makefile2:1618: CMakeFiles/path_planning_node.dir/all] Error 2
make: *** [Makefile:146: all] Error 2
