[01m[K/home/akash/catkin_ws/src/Alberto_and_Joan/path_planning/code/path_planning_node.cpp:[m[K In function ‘[01m[Kint main(int, char**)[m[K’:
[01m[K/home/akash/catkin_ws/src/Alberto_and_Joan/path_planning/code/path_planning_node.cpp:430:15:[m[K [01;31m[Kerror: [m[K‘[01m[Kclass ros::NodeHandle[m[K’ has no member named ‘[01m[Kadvertse[m[K’; did you mean ‘[01m[Kadvertise[m[K’?
  430 |  vis_pub = nh.[01;31m[Kadvertse[m[K<visualization_msgs::Marker>(OUTPUT_TOPIC_VIS,5);
      |               [01;31m[K^~~~~~~~[m[K
      |               [32m[Kadvertise[m[K
[01m[K/home/akash/catkin_ws/src/Alberto_and_Joan/path_planning/code/path_planning_node.cpp:430:50:[m[K [01;31m[Kerror: [m[Kexpected primary-expression before ‘[01m[K>[m[K’ token
  430 |  vis_pub = nh.advertse<visualization_msgs::Marker[01;31m[K>[m[K(OUTPUT_TOPIC_VIS,5);
      |                                                  [01;31m[K^[m[K
In file included from [01m[K/usr/include/x86_64-linux-gnu/c++/9/bits/c++allocator.h:33[m[K,
                 from [01m[K/usr/include/c++/9/bits/allocator.h:46[m[K,
                 from [01m[K/usr/include/c++/9/string:41[m[K,
                 from [01m[K/opt/ros/noetic/include/ros/platform.h:38[m[K,
                 from [01m[K/opt/ros/noetic/include/ros/time.h:53[m[K,
                 from [01m[K/opt/ros/noetic/include/ros/ros.h:38[m[K,
                 from [01m[K/home/akash/catkin_ws/src/Alberto_and_Joan/path_planning/code/path_planning_node.cpp:16[m[K:
/usr/include/c++/9/ext/new_allocator.h: In instantiation of ‘[01m[Kvoid __gnu_cxx::new_allocator<_Tp>::construct(_Up*, _Args&& ...) [with _Up = EnergyObjective; _Args = {std::shared_ptr<ompl::base::SpaceInformation>&}; _Tp = EnergyObjective][m[K’:
[01m[K/usr/include/c++/9/bits/alloc_traits.h:483:4:[m[K   required from ‘[01m[Kstatic void std::allocator_traits<std::allocator<_CharT> >::construct(std::allocator_traits<std::allocator<_CharT> >::allocator_type&, _Up*, _Args&& ...) [with _Up = EnergyObjective; _Args = {std::shared_ptr<ompl::base::SpaceInformation>&}; _Tp = EnergyObjective; std::allocator_traits<std::allocator<_CharT> >::allocator_type = std::allocator<EnergyObjective>][m[K’
[01m[K/usr/include/c++/9/bits/shared_ptr_base.h:548:39:[m[K   required from ‘[01m[Kstd::_Sp_counted_ptr_inplace<_Tp, _Alloc, _Lp>::_Sp_counted_ptr_inplace(_Alloc, _Args&& ...) [with _Args = {std::shared_ptr<ompl::base::SpaceInformation>&}; _Tp = EnergyObjective; _Alloc = std::allocator<EnergyObjective>; __gnu_cxx::_Lock_policy _Lp = __gnu_cxx::_S_atomic][m[K’
[01m[K/usr/include/c++/9/bits/shared_ptr_base.h:679:16:[m[K   required from ‘[01m[Kstd::__shared_count<_Lp>::__shared_count(_Tp*&, std::_Sp_alloc_shared_tag<_Alloc>, _Args&& ...) [with _Tp = EnergyObjective; _Alloc = std::allocator<EnergyObjective>; _Args = {std::shared_ptr<ompl::base::SpaceInformation>&}; __gnu_cxx::_Lock_policy _Lp = __gnu_cxx::_S_atomic][m[K’
[01m[K/usr/include/c++/9/bits/shared_ptr_base.h:1344:71:[m[K   required from ‘[01m[Kstd::__shared_ptr<_Tp, _Lp>::__shared_ptr(std::_Sp_alloc_shared_tag<_Tp>, _Args&& ...) [with _Alloc = std::allocator<EnergyObjective>; _Args = {std::shared_ptr<ompl::base::SpaceInformation>&}; _Tp = EnergyObjective; __gnu_cxx::_Lock_policy _Lp = __gnu_cxx::_S_atomic][m[K’
[01m[K/usr/include/c++/9/bits/shared_ptr.h:359:59:[m[K   required from ‘[01m[Kstd::shared_ptr<_Tp>::shared_ptr(std::_Sp_alloc_shared_tag<_Tp>, _Args&& ...) [with _Alloc = std::allocator<EnergyObjective>; _Args = {std::shared_ptr<ompl::base::SpaceInformation>&}; _Tp = EnergyObjective][m[K’
[01m[K/usr/include/c++/9/bits/shared_ptr.h:701:14:[m[K   required from ‘[01m[Kstd::shared_ptr<_Tp> std::allocate_shared(const _Alloc&, _Args&& ...) [with _Tp = EnergyObjective; _Alloc = std::allocator<EnergyObjective>; _Args = {std::shared_ptr<ompl::base::SpaceInformation>&}][m[K’
[01m[K/usr/include/c++/9/bits/shared_ptr.h:717:39:[m[K   required from ‘[01m[Kstd::shared_ptr<_Tp> std::make_shared(_Args&& ...) [with _Tp = EnergyObjective; _Args = {std::shared_ptr<ompl::base::SpaceInformation>&}][m[K’
[01m[K/home/akash/catkin_ws/src/Alberto_and_Joan/path_planning/code/path_planning_node.cpp:238:69:[m[K   required from here
[01m[K/usr/include/c++/9/ext/new_allocator.h:146:4:[m[K [01;31m[Kerror: [m[Kinvalid new-expression of abstract class type ‘[01m[KEnergyObjective[m[K’
  146 |  { [01;31m[K::new((void *)__p) _Up(std::forward<_Args>(__args)...)[m[K; }
      |    [01;31m[K^~~~~~~~~~~~~~~~~~~~~~~~~~~~~~~~~~~~~~~~~~~~~~~~~~~~~~[m[K
[01m[K/home/akash/catkin_ws/src/Alberto_and_Joan/path_planning/code/path_planning_node.cpp:134:7:[m[K [01;36m[Knote: [m[K  because the following virtual functions are pure within ‘[01m[KEnergyObjective[m[K’:
  134 | class [01;36m[KEnergyObjective[m[K : public ob::OptimizationObjective
      |       [01;36m[K^~~~~~~~~~~~~~~[m[K
In file included from [01m[K/home/akash/catkin_ws/src/Alberto_and_Joan/path_planning/code/path_planning_node.cpp:29[m[K:
[01m[K/usr/include/ompl/base/OptimizationObjective.h:113:26:[m[K [01;36m[Knote: [m[K	‘[01m[Kvirtual ompl::base::Cost ompl::base::OptimizationObjective::stateCost(const ompl::base::State*) const[m[K’
  113 |             virtual Cost [01;36m[KstateCost[m[K(const State *s) const = 0;
      |                          [01;36m[K^~~~~~~~~[m[K
make[2]: *** [CMakeFiles/path_planning_node.dir/build.make:76: CMakeFiles/path_planning_node.dir/code/path_planning_node.cpp.o] Error 1
make[1]: *** [CMakeFiles/Makefile2:1618: CMakeFiles/path_planning_node.dir/all] Error 2
make: *** [Makefile:146: all] Error 2
