Performing C SOURCE FILE Test CMAKE_HAVE_LIBC_PTHREAD failed with the following output:
Change Dir: /home/akash/catkin_ws/build/path_selector/CMakeFiles/CMakeScratch/TryCompile-entOlW

Run Build Command(s):/usr/bin/make -f Makefile cmTC_a8a58/fast && /usr/bin/make  -f CMakeFiles/cmTC_a8a58.dir/build.make CMakeFiles/cmTC_a8a58.dir/build
make[1]: Entering directory '/home/akash/catkin_ws/build/path_selector/CMakeFiles/CMakeScratch/TryCompile-entOlW'
Building C object CMakeFiles/cmTC_a8a58.dir/src.c.o
/usr/bin/cc -DCMAKE_HAVE_LIBC_PTHREAD   -o CMakeFiles/cmTC_a8a58.dir/src.c.o -c /home/akash/catkin_ws/build/path_selector/CMakeFiles/CMakeScratch/TryCompile-entOlW/src.c
Linking C executable cmTC_a8a58
/usr/bin/cmake -E cmake_link_script CMakeFiles/cmTC_a8a58.dir/link.txt --verbose=1
/usr/bin/cc -rdynamic CMakeFiles/cmTC_a8a58.dir/src.c.o -o cmTC_a8a58 
/usr/bin/ld: CMakeFiles/cmTC_a8a58.dir/src.c.o: in function `main':
src.c:(.text+0x46): undefined reference to `pthread_create'
/usr/bin/ld: src.c:(.text+0x52): undefined reference to `pthread_detach'
/usr/bin/ld: src.c:(.text+0x5e): undefined reference to `pthread_cancel'
/usr/bin/ld: src.c:(.text+0x6f): undefined reference to `pthread_join'
collect2: error: ld returned 1 exit status
make[1]: *** [CMakeFiles/cmTC_a8a58.dir/build.make:99: cmTC_a8a58] Error 1
make[1]: Leaving directory '/home/akash/catkin_ws/build/path_selector/CMakeFiles/CMakeScratch/TryCompile-entOlW'
make: *** [Makefile:127: cmTC_a8a58/fast] Error 2


Source file was:
#include <pthread.h>

static void* test_func(void* data)
{
  return data;
}

int main(void)
{
  pthread_t thread;
  pthread_create(&thread, NULL, test_func, NULL);
  pthread_detach(thread);
  pthread_cancel(thread);
  pthread_join(thread, NULL);
  pthread_atfork(NULL, NULL, NULL);
  pthread_exit(NULL);

  return 0;
}


Determining if the function pthread_create exists in the pthreads failed with the following output:
Change Dir: /home/akash/catkin_ws/build/path_selector/CMakeFiles/CMakeScratch/TryCompile-UTwD5T

Run Build Command(s):/usr/bin/make -f Makefile cmTC_3708d/fast && /usr/bin/make  -f CMakeFiles/cmTC_3708d.dir/build.make CMakeFiles/cmTC_3708d.dir/build
make[1]: Entering directory '/home/akash/catkin_ws/build/path_selector/CMakeFiles/CMakeScratch/TryCompile-UTwD5T'
Building C object CMakeFiles/cmTC_3708d.dir/CheckFunctionExists.c.o
/usr/bin/cc   -DCHECK_FUNCTION_EXISTS=pthread_create -o CMakeFiles/cmTC_3708d.dir/CheckFunctionExists.c.o -c /home/akash/catkin_ws/build/path_selector/CMakeFiles/CMakeScratch/TryCompile-UTwD5T/CheckFunctionExists.c
Linking C executable cmTC_3708d
/usr/bin/cmake -E cmake_link_script CMakeFiles/cmTC_3708d.dir/link.txt --verbose=1
/usr/bin/cc  -DCHECK_FUNCTION_EXISTS=pthread_create -rdynamic CMakeFiles/cmTC_3708d.dir/CheckFunctionExists.c.o -o cmTC_3708d  -lpthreads 
/usr/bin/ld: cannot find -lpthreads
collect2: error: ld returned 1 exit status
make[1]: *** [CMakeFiles/cmTC_3708d.dir/build.make:99: cmTC_3708d] Error 1
make[1]: Leaving directory '/home/akash/catkin_ws/build/path_selector/CMakeFiles/CMakeScratch/TryCompile-UTwD5T'
make: *** [Makefile:127: cmTC_3708d/fast] Error 2



