[01m[K/home/akash/catkin_ws/src/mrs_octomap_planner/src/astar_planner.cpp:[m[K In member function ‘[01m[Kstd::pair<std::vector<octomath::Vector3>, bool> pathfinder::AstarPlanner::findPath(const point3d&, const point3d&, std::shared_ptr<octomap::OcTree>, double)[m[K’:
[01m[K/home/akash/catkin_ws/src/mrs_octomap_planner/src/astar_planner.cpp:145:41:[m[K [01;31m[Kerror: [m[K‘[01m[Kstart[m[K’ was not declared in this scope; did you mean ‘[01m[Kros::start[m[K’?
  145 |   auto planning_start = tree.keyToCoord([01;31m[Kstart[m[K);
      |                                         [01;31m[K^~~~~[m[K
      |                                         [32m[Kros::start[m[K
In file included from [01m[K/opt/ros/noetic/include/ros/node_handle.h:47[m[K,
                 from [01m[K/opt/ros/noetic/include/ros/ros.h:45[m[K,
                 from [01m[K/home/akash/catkin_ws/src/mrs_lib/include/mrs_lib/batch_visualizer.h:10[m[K,
                 from [01m[K/home/akash/catkin_ws/src/mrs_octomap_planner/include/pathfinder/astar_planner.hpp:13[m[K,
                 from [01m[K/home/akash/catkin_ws/src/mrs_octomap_planner/src/astar_planner.cpp:1[m[K:
[01m[K/opt/ros/noetic/include/ros/init.h:184:18:[m[K [01;36m[Knote: [m[K‘[01m[Kros::start[m[K’ declared here
  184 | ROSCPP_DECL void [01;36m[Kstart[m[K();
      |                  [01;36m[K^~~~~[m[K
[01m[K/home/akash/catkin_ws/src/mrs_octomap_planner/src/astar_planner.cpp:158:25:[m[K [01;31m[Kerror: [m[K‘[01m[Kopen[m[K’ was not declared in this scope; did you mean ‘[01m[Kpopen[m[K’?
  158 |     visualizeExpansions([01;31m[Kopen[m[K, closed, tree);
      |                         [01;31m[K^~~~[m[K
      |                         [32m[Kpopen[m[K
[01m[K/home/akash/catkin_ws/src/mrs_octomap_planner/src/astar_planner.cpp:158:31:[m[K [01;31m[Kerror: [m[K‘[01m[Kclosed[m[K’ was not declared in this scope; did you mean ‘[01m[Kclose[m[K’?
  158 |     visualizeExpansions(open, [01;31m[Kclosed[m[K, tree);
      |                               [01;31m[K^~~~~~[m[K
      |                               [32m[Kclose[m[K
[01m[K/home/akash/catkin_ws/src/mrs_octomap_planner/src/astar_planner.cpp:175:3:[m[K [01;31m[Kerror: [m[K‘[01m[Kopen_heap[m[K’ was not declared in this scope
  175 |   [01;31m[Kopen_heap[m[K.push(first);
      |   [01;31m[K^~~~~~~~~[m[K
[01m[K/home/akash/catkin_ws/src/mrs_octomap_planner/src/astar_planner.cpp:176:3:[m[K [01;31m[Kerror: [m[K‘[01m[Kopen[m[K’ was not declared in this scope; did you mean ‘[01m[Kpopen[m[K’?
  176 |   [01;31m[Kopen[m[K.insert(first);
      |   [01;31m[K^~~~[m[K
      |   [32m[Kpopen[m[K
[01m[K/home/akash/catkin_ws/src/mrs_octomap_planner/src/astar_planner.cpp:192:5:[m[K [01;31m[Kerror: [m[K‘[01m[Kclosed[m[K’ was not declared in this scope; did you mean ‘[01m[Kclose[m[K’?
  192 |     [01;31m[Kclosed[m[K.insert(current);
      |     [01;31m[K^~~~~~[m[K
      |     [32m[Kclose[m[K
[01m[K/home/akash/catkin_ws/src/mrs_octomap_planner/src/astar_planner.cpp:203:100:[m[K [01;31m[Kerror: [m[K‘[01m[Kparent_map[m[K’ was not declared in this scope
  203 |       auto path_keys = backtrackPathKeys(best_node == first ? best_node_greedy : best_node, first, [01;31m[Kparent_map[m[K);
      |                                                                                                    [01;31m[K^~~~~~~~~~[m[K
[01m[K/home/akash/catkin_ws/src/mrs_octomap_planner/src/astar_planner.cpp:222:58:[m[K [01;31m[Kerror: [m[K‘[01m[Kparent_map[m[K’ was not declared in this scope
  222 |       auto path_keys = backtrackPathKeys(current, first, [01;31m[Kparent_map[m[K);
      |                                                          [01;31m[K^~~~~~~~~~[m[K
[01m[K/home/akash/catkin_ws/src/mrs_octomap_planner/src/astar_planner.cpp:233:64:[m[K [01;31m[Kerror: [m[Kcould not convert ‘[01m[K{<expression error>, original_goal}[m[K’ from ‘[01m[K<brace-enclosed initializer list>[m[K’ to ‘[01m[Kstd::pair<std::vector<octomath::Vector3>, bool>[m[K’
  233 |       return {prepareOutputPath(path_keys, tree), original_goal[01;31m[K}[m[K;
      |                                                                [01;31m[K^[m[K
      |                                                                [01;31m[K|[m[K
      |                                                                [01;31m[K<brace-enclosed initializer list>[m[K
[01m[K/home/akash/catkin_ws/src/mrs_octomap_planner/src/astar_planner.cpp:276:9:[m[K [01;31m[Kerror: [m[K‘[01m[Kparent_map[m[K’ was not declared in this scope
  276 |         [01;31m[Kparent_map[m[K[n] = current;
      |         [01;31m[K^~~~~~~~~~[m[K
[01m[K/home/akash/catkin_ws/src/mrs_octomap_planner/src/astar_planner.cpp:285:29:[m[K [01;31m[Kerror: [m[K‘[01m[Kclosed[m[K’ was not declared in this scope; did you mean ‘[01m[Kclose[m[K’?
  285 |   visualizeExpansions(open, [01;31m[Kclosed[m[K, tree);
      |                             [01;31m[K^~~~~~[m[K
      |                             [32m[Kclose[m[K
[01m[K/home/akash/catkin_ws/src/mrs_octomap_planner/src/astar_planner.cpp:290:58:[m[K [01;31m[Kerror: [m[K‘[01m[Kparent_map[m[K’ was not declared in this scope
  290 |     auto path_keys = backtrackPathKeys(best_node, first, [01;31m[Kparent_map[m[K);
      |                                                          [01;31m[K^~~~~~~~~~[m[K
[01m[K/home/akash/catkin_ws/src/mrs_octomap_planner/src/astar_planner.cpp:299:65:[m[K [01;31m[Kerror: [m[K‘[01m[Kparent_map[m[K’ was not declared in this scope
  299 |     auto path_keys = backtrackPathKeys(best_node_greedy, first, [01;31m[Kparent_map[m[K);
      |                                                                 [01;31m[K^~~~~~~~~~[m[K
make[2]: *** [CMakeFiles/MrsAstarPlanner.dir/build.make:76: CMakeFiles/MrsAstarPlanner.dir/src/astar_planner.cpp.o] Error 1
make[1]: *** [CMakeFiles/Makefile2:2873: CMakeFiles/MrsAstarPlanner.dir/all] Error 2
make: *** [Makefile:146: all] Error 2
