[  5%] [34m[1mGenerating dynamic reconfigure files from cfg/AMCL.cfg: /home/akash/catkin_ws/devel/.private/amcl/include/amcl/AMCLConfig.h /home/akash/catkin_ws/devel/.private/amcl/lib/python3/dist-packages/amcl/cfg/AMCLConfig.py[0m
[ 10%] [32mBuilding C object CMakeFiles/amcl_pf.dir/src/amcl/pf/pf.c.o[0m
[ 10%] Built target diagnostic_msgs_generate_messages_lisp
[ 10%] Built target diagnostic_msgs_generate_messages_cpp
[ 10%] Built target diagnostic_msgs_generate_messages_eus
[ 15%] [32mBuilding C object CMakeFiles/amcl_map.dir/src/amcl/map/map.c.o[0m
[ 15%] Built target diagnostic_msgs_generate_messages_nodejs
[ 15%] Built target std_msgs_generate_messages_eus
[ 15%] Built target diagnostic_msgs_generate_messages_py
[ 15%] Built target std_msgs_generate_messages_cpp
[ 20%] Built target std_msgs_generate_messages_nodejs
[ 20%] [32mBuilding C object CMakeFiles/amcl_pf.dir/src/amcl/pf/pf_kdtree.c.o[0m
[ 25%] [32mBuilding C object CMakeFiles/amcl_pf.dir/src/amcl/pf/pf_pdf.c.o[0m
[ 25%] Built target std_msgs_generate_messages_lisp
[ 30%] [32mBuilding C object CMakeFiles/amcl_pf.dir/src/amcl/pf/pf_vector.c.o[0m
[ 35%] [32mBuilding C object CMakeFiles/amcl_pf.dir/src/amcl/pf/eig3.c.o[0m
[ 40%] [32mBuilding C object CMakeFiles/amcl_pf.dir/src/amcl/pf/pf_draw.c.o[0m
[ 40%] Built target std_msgs_generate_messages_py
[ 40%] Built target roscpp_generate_messages_cpp
[ 40%] Built target roscpp_generate_messages_eus
[ 45%] [32mBuilding CXX object CMakeFiles/amcl_map.dir/src/amcl/map/map_cspace.cpp.o[0m
[ 45%] Built target roscpp_generate_messages_lisp
[ 45%] Built target roscpp_generate_messages_nodejs
[ 50%] [32mBuilding C object CMakeFiles/amcl_map.dir/src/amcl/map/map_range.c.o[0m
[ 55%] [32mBuilding C object CMakeFiles/amcl_map.dir/src/amcl/map/map_store.c.o[0m
[ 55%] Built target roscpp_generate_messages_py
[ 55%] Built target rosgraph_msgs_generate_messages_cpp
[ 55%] Built target rosgraph_msgs_generate_messages_eus
[ 55%] Built target rosgraph_msgs_generate_messages_lisp
[ 60%] [32mBuilding C object CMakeFiles/amcl_map.dir/src/amcl/map/map_draw.c.o[0m
[ 60%] Built target dynamic_reconfigure_generate_messages_cpp
[ 60%] Built target rosgraph_msgs_generate_messages_py
[ 60%] Built target rosgraph_msgs_generate_messages_nodejs
[ 60%] Built target dynamic_reconfigure_generate_messages_eus
Generating reconfiguration files for AMCL in amcl
Wrote header file in /home/akash/catkin_ws/devel/.private/amcl/include/amcl/AMCLConfig.h
[ 60%] Built target dynamic_reconfigure_generate_messages_lisp
[ 60%] Built target dynamic_reconfigure_generate_messages_nodejs
[ 60%] Built target dynamic_reconfigure_generate_messages_py
[ 60%] Built target dynamic_reconfigure_gencfg
[ 60%] Built target geometry_msgs_generate_messages_eus
[ 60%] Built target geometry_msgs_generate_messages_cpp
[ 60%] Built target geometry_msgs_generate_messages_lisp
[ 60%] Built target geometry_msgs_generate_messages_nodejs
[ 60%] Built target geometry_msgs_generate_messages_py
[ 60%] Built target nav_msgs_generate_messages_cpp
[ 60%] Built target nav_msgs_generate_messages_eus
[ 60%] Built target nav_msgs_generate_messages_nodejs
[ 65%] [32m[1mLinking C shared library /home/akash/catkin_ws/devel/.private/amcl/lib/libamcl_pf.so[0m
[ 65%] Built target nav_msgs_generate_messages_lisp
[ 65%] Built target actionlib_msgs_generate_messages_cpp
[ 65%] Built target nav_msgs_generate_messages_py
[ 65%] Built target actionlib_msgs_generate_messages_eus
[ 65%] Built target actionlib_msgs_generate_messages_lisp
[ 65%] Built target actionlib_msgs_generate_messages_nodejs
[ 65%] Built target actionlib_msgs_generate_messages_py
[ 65%] Built target std_srvs_generate_messages_cpp
[ 65%] Built target std_srvs_generate_messages_lisp
[ 65%] Built target std_srvs_generate_messages_eus
[ 65%] Built target amcl_gencfg
[ 65%] Built target std_srvs_generate_messages_nodejs
[ 65%] Built target topic_tools_generate_messages_eus
[ 65%] Built target topic_tools_generate_messages_lisp
[ 65%] Built target topic_tools_generate_messages_py
[ 65%] Built target topic_tools_generate_messages_cpp
[ 65%] Built target topic_tools_generate_messages_nodejs
[ 65%] Built target std_srvs_generate_messages_py
[ 65%] Built target sensor_msgs_generate_messages_eus
[ 65%] Built target sensor_msgs_generate_messages_cpp
[ 65%] Built target amcl_pf
[ 65%] Built target sensor_msgs_generate_messages_py
[ 65%] Built target sensor_msgs_generate_messages_lisp
[ 65%] Built target sensor_msgs_generate_messages_nodejs
[ 65%] Built target tf2_msgs_generate_messages_cpp
[ 65%] Built target tf2_msgs_generate_messages_eus
[ 65%] Built target tf2_msgs_generate_messages_lisp
[ 65%] Built target tf2_msgs_generate_messages_py
[ 65%] Built target tf2_msgs_generate_messages_nodejs
[ 65%] Built target actionlib_generate_messages_eus
[ 65%] Built target actionlib_generate_messages_cpp
[ 65%] Built target actionlib_generate_messages_lisp
[ 65%] Built target actionlib_generate_messages_py
[ 65%] Built target actionlib_generate_messages_nodejs
[ 70%] [32m[1mLinking CXX shared library /home/akash/catkin_ws/devel/.private/amcl/lib/libamcl_map.so[0m
[ 70%] Built target amcl_map
[ 75%] [32mBuilding CXX object CMakeFiles/amcl_sensors.dir/src/amcl/sensors/amcl_sensor.cpp.o[0m
[ 80%] [32mBuilding CXX object CMakeFiles/amcl_sensors.dir/src/amcl/sensors/amcl_odom.cpp.o[0m
[ 85%] [32mBuilding CXX object CMakeFiles/amcl_sensors.dir/src/amcl/sensors/amcl_laser.cpp.o[0m
[ 90%] [32m[1mLinking CXX shared library /home/akash/catkin_ws/devel/.private/amcl/lib/libamcl_sensors.so[0m
[ 90%] Built target amcl_sensors
[ 95%] [32mBuilding CXX object CMakeFiles/amcl.dir/src/amcl_node.cpp.o[0m
[100%] [32m[1mLinking CXX executable /home/akash/catkin_ws/devel/.private/amcl/lib/amcl/amcl[0m
[100%] Built target amcl
