Performing C SOURCE FILE Test CMAKE_HAVE_LIBC_PTHREAD failed with the following output:
Change Dir: /home/akash/catkin_ws/build/beginner_tutorials/CMakeFiles/CMakeScratch/TryCompile-Q1x4lp

Run Build Command(s):/usr/bin/make -f Makefile cmTC_78ad2/fast && /usr/bin/make  -f CMakeFiles/cmTC_78ad2.dir/build.make CMakeFiles/cmTC_78ad2.dir/build
make[1]: Entering directory '/home/akash/catkin_ws/build/beginner_tutorials/CMakeFiles/CMakeScratch/TryCompile-Q1x4lp'
Building C object CMakeFiles/cmTC_78ad2.dir/src.c.o
/usr/bin/cc -DCMAKE_HAVE_LIBC_PTHREAD   -o CMakeFiles/cmTC_78ad2.dir/src.c.o -c /home/akash/catkin_ws/build/beginner_tutorials/CMakeFiles/CMakeScratch/TryCompile-Q1x4lp/src.c
Linking C executable cmTC_78ad2
/usr/bin/cmake -E cmake_link_script CMakeFiles/cmTC_78ad2.dir/link.txt --verbose=1
/usr/bin/cc -rdynamic CMakeFiles/cmTC_78ad2.dir/src.c.o -o cmTC_78ad2 
/usr/bin/ld: CMakeFiles/cmTC_78ad2.dir/src.c.o: in function `main':
src.c:(.text+0x46): undefined reference to `pthread_create'
/usr/bin/ld: src.c:(.text+0x52): undefined reference to `pthread_detach'
/usr/bin/ld: src.c:(.text+0x5e): undefined reference to `pthread_cancel'
/usr/bin/ld: src.c:(.text+0x6f): undefined reference to `pthread_join'
collect2: error: ld returned 1 exit status
make[1]: *** [CMakeFiles/cmTC_78ad2.dir/build.make:99: cmTC_78ad2] Error 1
make[1]: Leaving directory '/home/akash/catkin_ws/build/beginner_tutorials/CMakeFiles/CMakeScratch/TryCompile-Q1x4lp'
make: *** [Makefile:127: cmTC_78ad2/fast] Error 2


Source file was:
#include <pthread.h>

static void* test_func(void* data)
{
  return data;
}

int main(void)
{
  pthread_t thread;
  pthread_create(&thread, NULL, test_func, NULL);
  pthread_detach(thread);
  pthread_cancel(thread);
  pthread_join(thread, NULL);
  pthread_atfork(NULL, NULL, NULL);
  pthread_exit(NULL);

  return 0;
}


Determining if the function pthread_create exists in the pthreads failed with the following output:
Change Dir: /home/akash/catkin_ws/build/beginner_tutorials/CMakeFiles/CMakeScratch/TryCompile-Xc7CDm

Run Build Command(s):/usr/bin/make -f Makefile cmTC_2c549/fast && /usr/bin/make  -f CMakeFiles/cmTC_2c549.dir/build.make CMakeFiles/cmTC_2c549.dir/build
make[1]: Entering directory '/home/akash/catkin_ws/build/beginner_tutorials/CMakeFiles/CMakeScratch/TryCompile-Xc7CDm'
Building C object CMakeFiles/cmTC_2c549.dir/CheckFunctionExists.c.o
/usr/bin/cc   -DCHECK_FUNCTION_EXISTS=pthread_create -o CMakeFiles/cmTC_2c549.dir/CheckFunctionExists.c.o -c /home/akash/catkin_ws/build/beginner_tutorials/CMakeFiles/CMakeScratch/TryCompile-Xc7CDm/CheckFunctionExists.c
Linking C executable cmTC_2c549
/usr/bin/cmake -E cmake_link_script CMakeFiles/cmTC_2c549.dir/link.txt --verbose=1
/usr/bin/cc  -DCHECK_FUNCTION_EXISTS=pthread_create -rdynamic CMakeFiles/cmTC_2c549.dir/CheckFunctionExists.c.o -o cmTC_2c549  -lpthreads 
/usr/bin/ld: cannot find -lpthreads
collect2: error: ld returned 1 exit status
make[1]: *** [CMakeFiles/cmTC_2c549.dir/build.make:99: cmTC_2c549] Error 1
make[1]: Leaving directory '/home/akash/catkin_ws/build/beginner_tutorials/CMakeFiles/CMakeScratch/TryCompile-Xc7CDm'
make: *** [Makefile:127: cmTC_2c549/fast] Error 2



