Performing C SOURCE FILE Test CMAKE_HAVE_LIBC_PTHREAD failed with the following output:
Change Dir: /home/akash/catkin_ws/build/gazebo_ros_pkgs/CMakeFiles/CMakeScratch/TryCompile-maU296

Run Build Command(s):/usr/bin/make -f Makefile cmTC_0db33/fast && /usr/bin/make  -f CMakeFiles/cmTC_0db33.dir/build.make CMakeFiles/cmTC_0db33.dir/build
make[1]: Entering directory '/home/akash/catkin_ws/build/gazebo_ros_pkgs/CMakeFiles/CMakeScratch/TryCompile-maU296'
Building C object CMakeFiles/cmTC_0db33.dir/src.c.o
/usr/bin/cc -DCMAKE_HAVE_LIBC_PTHREAD   -o CMakeFiles/cmTC_0db33.dir/src.c.o -c /home/akash/catkin_ws/build/gazebo_ros_pkgs/CMakeFiles/CMakeScratch/TryCompile-maU296/src.c
Linking C executable cmTC_0db33
/usr/bin/cmake -E cmake_link_script CMakeFiles/cmTC_0db33.dir/link.txt --verbose=1
/usr/bin/cc -rdynamic CMakeFiles/cmTC_0db33.dir/src.c.o -o cmTC_0db33 
/usr/bin/ld: CMakeFiles/cmTC_0db33.dir/src.c.o: in function `main':
src.c:(.text+0x46): undefined reference to `pthread_create'
/usr/bin/ld: src.c:(.text+0x52): undefined reference to `pthread_detach'
/usr/bin/ld: src.c:(.text+0x5e): undefined reference to `pthread_cancel'
/usr/bin/ld: src.c:(.text+0x6f): undefined reference to `pthread_join'
collect2: error: ld returned 1 exit status
make[1]: *** [CMakeFiles/cmTC_0db33.dir/build.make:99: cmTC_0db33] Error 1
make[1]: Leaving directory '/home/akash/catkin_ws/build/gazebo_ros_pkgs/CMakeFiles/CMakeScratch/TryCompile-maU296'
make: *** [Makefile:127: cmTC_0db33/fast] Error 2


Source file was:
#include <pthread.h>

static void* test_func(void* data)
{
  return data;
}

int main(void)
{
  pthread_t thread;
  pthread_create(&thread, NULL, test_func, NULL);
  pthread_detach(thread);
  pthread_cancel(thread);
  pthread_join(thread, NULL);
  pthread_atfork(NULL, NULL, NULL);
  pthread_exit(NULL);

  return 0;
}


Determining if the function pthread_create exists in the pthreads failed with the following output:
Change Dir: /home/akash/catkin_ws/build/gazebo_ros_pkgs/CMakeFiles/CMakeScratch/TryCompile-zG9kC6

Run Build Command(s):/usr/bin/make -f Makefile cmTC_edd82/fast && /usr/bin/make  -f CMakeFiles/cmTC_edd82.dir/build.make CMakeFiles/cmTC_edd82.dir/build
make[1]: Entering directory '/home/akash/catkin_ws/build/gazebo_ros_pkgs/CMakeFiles/CMakeScratch/TryCompile-zG9kC6'
Building C object CMakeFiles/cmTC_edd82.dir/CheckFunctionExists.c.o
/usr/bin/cc   -DCHECK_FUNCTION_EXISTS=pthread_create -o CMakeFiles/cmTC_edd82.dir/CheckFunctionExists.c.o -c /home/akash/catkin_ws/build/gazebo_ros_pkgs/CMakeFiles/CMakeScratch/TryCompile-zG9kC6/CheckFunctionExists.c
Linking C executable cmTC_edd82
/usr/bin/cmake -E cmake_link_script CMakeFiles/cmTC_edd82.dir/link.txt --verbose=1
/usr/bin/cc  -DCHECK_FUNCTION_EXISTS=pthread_create -rdynamic CMakeFiles/cmTC_edd82.dir/CheckFunctionExists.c.o -o cmTC_edd82  -lpthreads 
/usr/bin/ld: cannot find -lpthreads
collect2: error: ld returned 1 exit status
make[1]: *** [CMakeFiles/cmTC_edd82.dir/build.make:99: cmTC_edd82] Error 1
make[1]: Leaving directory '/home/akash/catkin_ws/build/gazebo_ros_pkgs/CMakeFiles/CMakeScratch/TryCompile-zG9kC6'
make: *** [Makefile:127: cmTC_edd82/fast] Error 2



